<?xml version="1.0" encoding="UTF-8"?>
<testsuites name="Login - Submit" time="172.63" tests="2" failures="0" errors="0">
   <testsuite name="Login - Submit" tests="2" failures="0" errors="0" time="172.63" skipped="0" timestamp="2022-01-04 09:53:05" hostname="Nia Yusniati - Apandi" id="Test Suites/Deputi_Direktur/Login - Submit">
      <properties>
[...]
</properties>
      <testcase name="Test Cases/Deputi_Direktur/1. Login" time="43.311" classname="Test Cases/Deputi_Direktur/1. Login" status="PASSED">
         <system-out><![CDATA[2022-01-04 09:53:06 - [TEST_CASE][PASSED] - Test Cases/Deputi_Direktur/1. Login: Test Cases/Deputi_Direktur/1. Login

2022-01-04 09:53:06 - [TEST_STEP][PASSED] - baseDir = System.getProperty("user.dir"): null

2022-01-04 09:53:06 - [TEST_STEP][PASSED] - startExistingApplication("com.bcaf.mobilesurvey"): Starting app with application ID: 'com.bcaf.mobilesurvey'

2022-01-04 09:53:11 - [MESSAGE][INFO] - Appium server started on port 52,217

2022-01-04 09:53:27 - [MESSAGE][PASSED] - Starting app with application ID: 'com.bcaf.mobilesurvey'

2022-01-04 09:53:27 - [TEST_STEP][PASSED] - setText(findTestObject("Object Repository/Login/android.widget.EditText - NIP"), findTestData("Deputi_Direktur").getObjectValue("Username", 1), 0): Text '20211021' has been set to element 'Object Repository/Login/android.widget.EditText - NIP'

2022-01-04 09:53:29 - [MESSAGE][WARNING] - Timeout '0' is invalid. Using default page load timeout: '30'

2022-01-04 09:53:31 - [MESSAGE][PASSED] - Text '20211021' has been set to element 'Object Repository/Login/android.widget.EditText - NIP'

2022-01-04 09:53:31 - [TEST_STEP][PASSED] - setText(findTestObject("Object Repository/Login/android.widget.EditText - Password"), findTestData("Deputi_Direktur").getObjectValue("Pass", 1), 0): Text 'mobile123+' has been set to element 'Object Repository/Login/android.widget.EditText - Password'

2022-01-04 09:53:31 - [MESSAGE][WARNING] - Timeout '0' is invalid. Using default page load timeout: '30'

2022-01-04 09:53:33 - [MESSAGE][PASSED] - Text 'mobile123+' has been set to element 'Object Repository/Login/android.widget.EditText - Password'

2022-01-04 09:53:33 - [TEST_STEP][PASSED] - tap(findTestObject("Object Repository/Login/android.widget.CheckBox - Remember Me"), 0): Tapped on element 'Object Repository/Login/android.widget.CheckBox - Remember Me'

2022-01-04 09:53:33 - [MESSAGE][WARNING] - Timeout '0' is invalid. Using default page load timeout: '30'

2022-01-04 09:53:34 - [MESSAGE][PASSED] - Tapped on element 'Object Repository/Login/android.widget.CheckBox - Remember Me'

2022-01-04 09:53:34 - [TEST_STEP][PASSED] - hideKeyboard(): Keyboard is hidden

2022-01-04 09:53:37 - [MESSAGE][PASSED] - Keyboard is hidden

2022-01-04 09:53:37 - [TEST_STEP][PASSED] - delay(3, STOP_ON_FAILURE): Delayed 3 second(s)

2022-01-04 09:53:41 - [MESSAGE][PASSED] - Delayed 3 second(s)

2022-01-04 09:53:41 - [TEST_STEP][PASSED] - takeScreenshotAsCheckpoint(baseDir + sspathmobilesurvey + "Login 2.1" + ".png", STOP_ON_FAILURE): Screenshot is taken

2022-01-04 09:53:43 - [MESSAGE][INFO] - 0 hidden object(s)

2022-01-04 09:53:43 - [MESSAGE][PASSED] - Screenshot is taken
[[ATTACHMENT|C:\Users\Nia Yusniati\Git_Asa\mobile-survey\Screenshot\keyes\keyes-mobileLogin 2.1.png]]

2022-01-04 09:53:43 - [TEST_STEP][PASSED] - tap(findTestObject("Object Repository/Login/android.widget.Button - LOGIN"), 0): Tapped on element 'Object Repository/Login/android.widget.Button - LOGIN'

2022-01-04 09:53:43 - [MESSAGE][WARNING] - Timeout '0' is invalid. Using default page load timeout: '30'

2022-01-04 09:53:44 - [MESSAGE][PASSED] - Tapped on element 'Object Repository/Login/android.widget.Button - LOGIN'

2022-01-04 09:53:44 - [TEST_STEP][PASSED] - delay(5, STOP_ON_FAILURE): Delayed 5 second(s)

2022-01-04 09:53:49 - [MESSAGE][PASSED] - Delayed 5 second(s)]]></system-out>
         <system-err><![CDATA[]]></system-err>
      </testcase>
      <testcase name="Test Cases/Deputi_Direktur/2. Form Survey" time="127.892" classname="Test Cases/Deputi_Direktur/2. Form Survey" status="PASSED">
         <system-out><![CDATA[2022-01-04 09:53:49 - [TEST_CASE][PASSED] - Test Cases/Deputi_Direktur/2. Form Survey: Test Cases/Deputi_Direktur/2. Form Survey

2022-01-04 09:53:50 - [TEST_STEP][PASSED] - baseDir = System.getProperty("user.dir"): null

2022-01-04 09:53:50 - [TEST_STEP][PASSED] - startExistingApplication("com.bcaf.mobilesurvey"): Starting app with application ID: 'com.bcaf.mobilesurvey'

2022-01-04 09:54:01 - [MESSAGE][PASSED] - Starting app with application ID: 'com.bcaf.mobilesurvey'

2022-01-04 09:54:01 - [TEST_STEP][PASSED] - takeScreenshotAsCheckpoint(baseDir + sspathmobilesurvey + "Form Survey 1" + ".png", STOP_ON_FAILURE): Screenshot is taken

2022-01-04 09:54:03 - [MESSAGE][INFO] - 0 hidden object(s)

2022-01-04 09:54:03 - [MESSAGE][PASSED] - Screenshot is taken
[[ATTACHMENT|C:\Users\Nia Yusniati\Git_Asa\mobile-survey\Screenshot\keyes\keyes-mobileForm Survey 1.png]]

2022-01-04 09:54:03 - [TEST_STEP][PASSED] - tap(findTestObject("Object Repository/Form Survey/android.widget.LinearLayout"), 0): Tapped on element 'Object Repository/Form Survey/android.widget.LinearLayout'

2022-01-04 09:54:03 - [MESSAGE][WARNING] - Timeout '0' is invalid. Using default page load timeout: '30'

2022-01-04 09:54:04 - [MESSAGE][PASSED] - Tapped on element 'Object Repository/Form Survey/android.widget.LinearLayout'

2022-01-04 09:54:04 - [TEST_STEP][PASSED] - takeScreenshotAsCheckpoint(baseDir + sspathmobilesurvey + "Form Survey 2" + ".png", STOP_ON_FAILURE): Screenshot is taken

2022-01-04 09:54:06 - [MESSAGE][INFO] - 0 hidden object(s)

2022-01-04 09:54:06 - [MESSAGE][PASSED] - Screenshot is taken
[[ATTACHMENT|C:\Users\Nia Yusniati\Git_Asa\mobile-survey\Screenshot\keyes\keyes-mobileForm Survey 2.png]]

2022-01-04 09:54:06 - [TEST_STEP][PASSED] - setText(findTestObject("Object Repository/Form Survey/android.widget.EditText - Mobile ID"), findTestData("Deputi_Direktur").getObjectValue("MobileID", 1), 0): Text '123ABC' has been set to element 'Object Repository/Form Survey/android.widget.EditText - Mobile ID'

2022-01-04 09:54:06 - [MESSAGE][WARNING] - Timeout '0' is invalid. Using default page load timeout: '30'

2022-01-04 09:54:08 - [MESSAGE][PASSED] - Text '123ABC' has been set to element 'Object Repository/Form Survey/android.widget.EditText - Mobile ID'

2022-01-04 09:54:08 - [TEST_STEP][PASSED] - setText(findTestObject("Object Repository/Form Survey/android.widget.EditText - Nama Konsumen"), findTestData("Deputi_Direktur").getObjectValue("Nama", 1), 0): Text 'Kosim' has been set to element 'Object Repository/Form Survey/android.widget.EditText - Nama Konsumen'

2022-01-04 09:54:08 - [MESSAGE][WARNING] - Timeout '0' is invalid. Using default page load timeout: '30'

2022-01-04 09:54:10 - [MESSAGE][PASSED] - Text 'Kosim' has been set to element 'Object Repository/Form Survey/android.widget.EditText - Nama Konsumen'

2022-01-04 09:54:10 - [TEST_STEP][PASSED] - setText(findTestObject("Object Repository/Form Survey/android.widget.EditText - No KTP"), findTestData("Deputi_Direktur").getObjectValue("Ktp", 1), 0): Text '3600230821349800' has been set to element 'Object Repository/Form Survey/android.widget.EditText - No KTP'

2022-01-04 09:54:10 - [MESSAGE][WARNING] - Timeout '0' is invalid. Using default page load timeout: '30'

2022-01-04 09:54:12 - [MESSAGE][PASSED] - Text '3600230821349800' has been set to element 'Object Repository/Form Survey/android.widget.EditText - No KTP'

2022-01-04 09:54:12 - [TEST_STEP][PASSED] - setText(findTestObject("Object Repository/Form Survey/android.widget.EditText - No HP"), findTestData("Deputi_Direktur").getObjectValue("Hp", 1), 0): Text '085712072110' has been set to element 'Object Repository/Form Survey/android.widget.EditText - No HP'

2022-01-04 09:54:12 - [MESSAGE][WARNING] - Timeout '0' is invalid. Using default page load timeout: '30'

2022-01-04 09:54:14 - [MESSAGE][PASSED] - Text '085712072110' has been set to element 'Object Repository/Form Survey/android.widget.EditText - No HP'

2022-01-04 09:54:14 - [TEST_STEP][PASSED] - setText(findTestObject("Object Repository/Form Survey/android.widget.EditText - No Telp"), findTestData("Deputi_Direktur").getObjectValue("Tlp", 1), 0): Text '0219880213' has been set to element 'Object Repository/Form Survey/android.widget.EditText - No Telp'

2022-01-04 09:54:14 - [MESSAGE][WARNING] - Timeout '0' is invalid. Using default page load timeout: '30'

2022-01-04 09:54:16 - [MESSAGE][PASSED] - Text '0219880213' has been set to element 'Object Repository/Form Survey/android.widget.EditText - No Telp'

2022-01-04 09:54:16 - [TEST_STEP][PASSED] - setText(findTestObject("Object Repository/Form Survey/android.widget.EditText - Tempat Lahir"), findTestData("Deputi_Direktur").getObjectValue("Tempat Lahir", 1), 0): Text 'Jakarta' has been set to element 'Object Repository/Form Survey/android.widget.EditText - Tempat Lahir'

2022-01-04 09:54:17 - [MESSAGE][WARNING] - Timeout '0' is invalid. Using default page load timeout: '30'

2022-01-04 09:54:18 - [MESSAGE][PASSED] - Text 'Jakarta' has been set to element 'Object Repository/Form Survey/android.widget.EditText - Tempat Lahir'

2022-01-04 09:54:18 - [TEST_STEP][PASSED] - tap(findTestObject("Object Repository/Form Survey/android.widget.EditText - Tanggal Lahir"), 0): Tapped on element 'Object Repository/Form Survey/android.widget.EditText - Tanggal Lahir'

2022-01-04 09:54:19 - [MESSAGE][WARNING] - Timeout '0' is invalid. Using default page load timeout: '30'

2022-01-04 09:54:20 - [MESSAGE][PASSED] - Tapped on element 'Object Repository/Form Survey/android.widget.EditText - Tanggal Lahir'

2022-01-04 09:54:20 - [TEST_STEP][PASSED] - tap(findTestObject("Object Repository/Form Survey/android.widget.TextView - 2005"), 0): Tapped on element 'Object Repository/Form Survey/android.widget.TextView - 2005'

2022-01-04 09:54:20 - [MESSAGE][WARNING] - Timeout '0' is invalid. Using default page load timeout: '30'

2022-01-04 09:54:22 - [MESSAGE][PASSED] - Tapped on element 'Object Repository/Form Survey/android.widget.TextView - 2005'

2022-01-04 09:54:22 - [TEST_STEP][PASSED] - scrollToText("1990"): Scrolling to text '1990' successfully

2022-01-04 09:54:26 - [MESSAGE][PASSED] - Scrolling to text '1990' successfully

2022-01-04 09:54:26 - [TEST_STEP][PASSED] - tap(findTestObject("Object Repository/Form Survey/android.widget.TextView - 1990"), 0): Tapped on element 'Object Repository/Form Survey/android.widget.TextView - 1990'

2022-01-04 09:54:26 - [MESSAGE][WARNING] - Timeout '0' is invalid. Using default page load timeout: '30'

2022-01-04 09:54:28 - [MESSAGE][PASSED] - Tapped on element 'Object Repository/Form Survey/android.widget.TextView - 1990'

2022-01-04 09:54:28 - [TEST_STEP][PASSED] - tap(findTestObject("Object Repository/Form Survey/android.view.View - 11"), 0): Tapped on element 'Object Repository/Form Survey/android.view.View - 11'

2022-01-04 09:54:28 - [MESSAGE][WARNING] - Timeout '0' is invalid. Using default page load timeout: '30'

2022-01-04 09:54:29 - [MESSAGE][PASSED] - Tapped on element 'Object Repository/Form Survey/android.view.View - 11'

2022-01-04 09:54:29 - [TEST_STEP][PASSED] - tap(findTestObject("Object Repository/Form Survey/android.widget.Button - OK"), 0): Tapped on element 'Object Repository/Form Survey/android.widget.Button - OK'

2022-01-04 09:54:29 - [MESSAGE][WARNING] - Timeout '0' is invalid. Using default page load timeout: '30'

2022-01-04 09:54:30 - [MESSAGE][PASSED] - Tapped on element 'Object Repository/Form Survey/android.widget.Button - OK'

2022-01-04 09:54:30 - [TEST_STEP][PASSED] - setText(findTestObject("Object Repository/Form Survey/android.widget.EditText - Nama Pasangan"), findTestData("Deputi_Direktur").getObjectValue("Nama Pas", 1), 0): Text 'Lani' has been set to element 'Object Repository/Form Survey/android.widget.EditText - Nama Pasangan'

2022-01-04 09:54:30 - [MESSAGE][WARNING] - Timeout '0' is invalid. Using default page load timeout: '30'

2022-01-04 09:54:32 - [MESSAGE][PASSED] - Text 'Lani' has been set to element 'Object Repository/Form Survey/android.widget.EditText - Nama Pasangan'

2022-01-04 09:54:32 - [TEST_STEP][PASSED] - setText(findTestObject("Object Repository/Form Survey/android.widget.EditText - Jumlah Tanggungan"), findTestData("Deputi_Direktur").getObjectValue("JumlahT", 1), 0): Text '2' has been set to element 'Object Repository/Form Survey/android.widget.EditText - Jumlah Tanggungan'

2022-01-04 09:54:32 - [MESSAGE][WARNING] - Timeout '0' is invalid. Using default page load timeout: '30'

2022-01-04 09:54:34 - [MESSAGE][PASSED] - Text '2' has been set to element 'Object Repository/Form Survey/android.widget.EditText - Jumlah Tanggungan'

2022-01-04 09:54:34 - [TEST_STEP][PASSED] - setText(findTestObject("Object Repository/Form Survey/android.widget.EditText - Nama Ibu Kandung"), findTestData("Deputi_Direktur").getObjectValue("Nama Ibu", 1), 0): Text 'Maya' has been set to element 'Object Repository/Form Survey/android.widget.EditText - Nama Ibu Kandung'

2022-01-04 09:54:34 - [MESSAGE][WARNING] - Timeout '0' is invalid. Using default page load timeout: '30'

2022-01-04 09:54:36 - [MESSAGE][PASSED] - Text 'Maya' has been set to element 'Object Repository/Form Survey/android.widget.EditText - Nama Ibu Kandung'

2022-01-04 09:54:36 - [TEST_STEP][PASSED] - tap(findTestObject("Object Repository/Form Survey/android.widget.TextView - Informasi Rumah Konsumen"), 0): Tapped on element 'Object Repository/Form Survey/android.widget.TextView - Informasi Rumah Konsumen'

2022-01-04 09:54:36 - [MESSAGE][WARNING] - Timeout '0' is invalid. Using default page load timeout: '30'

2022-01-04 09:54:37 - [MESSAGE][PASSED] - Tapped on element 'Object Repository/Form Survey/android.widget.TextView - Informasi Rumah Konsumen'

2022-01-04 09:54:37 - [TEST_STEP][PASSED] - delay(3, STOP_ON_FAILURE): Delayed 3 second(s)

2022-01-04 09:54:40 - [MESSAGE][PASSED] - Delayed 3 second(s)

2022-01-04 09:54:40 - [TEST_STEP][PASSED] - takeScreenshotAsCheckpoint(baseDir + sspathmobilesurvey + "Form Survey 3" + ".png", STOP_ON_FAILURE): Screenshot is taken

2022-01-04 09:54:42 - [MESSAGE][INFO] - 0 hidden object(s)

2022-01-04 09:54:42 - [MESSAGE][PASSED] - Screenshot is taken
[[ATTACHMENT|C:\Users\Nia Yusniati\Git_Asa\mobile-survey\Screenshot\keyes\keyes-mobileForm Survey 3.png]]

2022-01-04 09:54:42 - [TEST_STEP][PASSED] - scrollToText("Submit"): Scrolling to text 'Submit' successfully

2022-01-04 09:54:47 - [MESSAGE][PASSED] - Scrolling to text 'Submit' successfully

2022-01-04 09:54:47 - [TEST_STEP][PASSED] - setText(findTestObject("Object Repository/Form Survey/android.widget.EditText - Alamat Rumah"), findTestData("Deputi_Direktur").getObjectValue("Alamat Rumah", 1), 0): Text 'Kp. Cibogo Wetan' has been set to element 'Object Repository/Form Survey/android.widget.EditText - Alamat Rumah'

2022-01-04 09:54:47 - [MESSAGE][WARNING] - Timeout '0' is invalid. Using default page load timeout: '30'

2022-01-04 09:54:49 - [MESSAGE][PASSED] - Text 'Kp. Cibogo Wetan' has been set to element 'Object Repository/Form Survey/android.widget.EditText - Alamat Rumah'

2022-01-04 09:54:49 - [TEST_STEP][PASSED] - setText(findTestObject("Object Repository/Form Survey/android.widget.EditText - RT"), findTestData("Deputi_Direktur").getObjectValue("Rt", 1), 0): Text '01' has been set to element 'Object Repository/Form Survey/android.widget.EditText - RT'

2022-01-04 09:54:49 - [MESSAGE][WARNING] - Timeout '0' is invalid. Using default page load timeout: '30'

2022-01-04 09:54:51 - [MESSAGE][PASSED] - Text '01' has been set to element 'Object Repository/Form Survey/android.widget.EditText - RT'

2022-01-04 09:54:51 - [TEST_STEP][PASSED] - setText(findTestObject("Object Repository/Form Survey/android.widget.EditText - RW"), findTestData("Deputi_Direktur").getObjectValue("Rw", 1), 0): Text '04' has been set to element 'Object Repository/Form Survey/android.widget.EditText - RW'

2022-01-04 09:54:51 - [MESSAGE][WARNING] - Timeout '0' is invalid. Using default page load timeout: '30'

2022-01-04 09:54:52 - [MESSAGE][PASSED] - Text '04' has been set to element 'Object Repository/Form Survey/android.widget.EditText - RW'

2022-01-04 09:54:52 - [TEST_STEP][PASSED] - setText(findTestObject("Object Repository/Form Survey/android.widget.EditText - Kelurahan"), findTestData("Deputi_Direktur").getObjectValue("Kelurahan", 1), 0): Text 'Dermayu' has been set to element 'Object Repository/Form Survey/android.widget.EditText - Kelurahan'

2022-01-04 09:54:53 - [MESSAGE][WARNING] - Timeout '0' is invalid. Using default page load timeout: '30'

2022-01-04 09:54:54 - [MESSAGE][PASSED] - Text 'Dermayu' has been set to element 'Object Repository/Form Survey/android.widget.EditText - Kelurahan'

2022-01-04 09:54:54 - [TEST_STEP][PASSED] - setText(findTestObject("Object Repository/Form Survey/android.widget.EditText - Kecamatan"), findTestData("Deputi_Direktur").getObjectValue("Kecamatan", 1), 0): Text 'Dermayu' has been set to element 'Object Repository/Form Survey/android.widget.EditText - Kecamatan'

2022-01-04 09:54:54 - [MESSAGE][WARNING] - Timeout '0' is invalid. Using default page load timeout: '30'

2022-01-04 09:54:55 - [MESSAGE][PASSED] - Text 'Dermayu' has been set to element 'Object Repository/Form Survey/android.widget.EditText - Kecamatan'

2022-01-04 09:54:55 - [TEST_STEP][PASSED] - setText(findTestObject("Object Repository/Form Survey/android.widget.EditText - KabupatenKota"), findTestData("Deputi_Direktur").getObjectValue("Kabupaten", 1), 0): Text 'Jakarta Selatan' has been set to element 'Object Repository/Form Survey/android.widget.EditText - KabupatenKota'

2022-01-04 09:54:56 - [MESSAGE][WARNING] - Timeout '0' is invalid. Using default page load timeout: '30'

2022-01-04 09:54:57 - [MESSAGE][PASSED] - Text 'Jakarta Selatan' has been set to element 'Object Repository/Form Survey/android.widget.EditText - KabupatenKota'

2022-01-04 09:54:57 - [TEST_STEP][PASSED] - setText(findTestObject("Object Repository/Form Survey/android.widget.EditText - Kode Pos"), findTestData("Deputi_Direktur").getObjectValue("Kode Pos", 1), 0): Text '19990' has been set to element 'Object Repository/Form Survey/android.widget.EditText - Kode Pos'

2022-01-04 09:54:58 - [MESSAGE][WARNING] - Timeout '0' is invalid. Using default page load timeout: '30'

2022-01-04 09:54:59 - [MESSAGE][PASSED] - Text '19990' has been set to element 'Object Repository/Form Survey/android.widget.EditText - Kode Pos'

2022-01-04 09:54:59 - [TEST_STEP][PASSED] - tap(findTestObject("Object Repository/Form Survey/android.widget.TextView - Informasi UsahaKantor Konsumen"), 0): Tapped on element 'Object Repository/Form Survey/android.widget.TextView - Informasi UsahaKantor Konsumen'

2022-01-04 09:54:59 - [MESSAGE][WARNING] - Timeout '0' is invalid. Using default page load timeout: '30'

2022-01-04 09:55:01 - [MESSAGE][PASSED] - Tapped on element 'Object Repository/Form Survey/android.widget.TextView - Informasi UsahaKantor Konsumen'

2022-01-04 09:55:01 - [TEST_STEP][PASSED] - delay(3, STOP_ON_FAILURE): Delayed 3 second(s)

2022-01-04 09:55:04 - [MESSAGE][PASSED] - Delayed 3 second(s)

2022-01-04 09:55:04 - [TEST_STEP][PASSED] - takeScreenshotAsCheckpoint(baseDir + sspathmobilesurvey + "Form Survey 4" + ".png", STOP_ON_FAILURE): Screenshot is taken

2022-01-04 09:55:06 - [MESSAGE][INFO] - 0 hidden object(s)

2022-01-04 09:55:06 - [MESSAGE][PASSED] - Screenshot is taken
[[ATTACHMENT|C:\Users\Nia Yusniati\Git_Asa\mobile-survey\Screenshot\keyes\keyes-mobileForm Survey 4.png]]

2022-01-04 09:55:06 - [TEST_STEP][PASSED] - scrollToText("Submit"): Scrolling to text 'Submit' successfully

2022-01-04 09:55:11 - [MESSAGE][PASSED] - Scrolling to text 'Submit' successfully

2022-01-04 09:55:12 - [TEST_STEP][PASSED] - setText(findTestObject("Object Repository/Form Survey/android.widget.EditText - Nama Tempat Usaha (1)"), findTestData("Deputi_Direktur").getObjectValue("Nama Perusahaan", 1), 0): Text 'Pt. Kosim Sentosa' has been set to element 'Object Repository/Form Survey/android.widget.EditText - Nama Tempat Usaha (1)'

2022-01-04 09:55:12 - [MESSAGE][WARNING] - Timeout '0' is invalid. Using default page load timeout: '30'

2022-01-04 09:55:13 - [MESSAGE][PASSED] - Text 'Pt. Kosim Sentosa' has been set to element 'Object Repository/Form Survey/android.widget.EditText - Nama Tempat Usaha (1)'

2022-01-04 09:55:13 - [TEST_STEP][PASSED] - setText(findTestObject("Object Repository/Form Survey/android.widget.EditText - Alamat Tempat Usaha"), findTestData("Deputi_Direktur").getObjectValue("Alamat Perusahaan", 1), 0): Text 'Kp. Cibogo Wetan' has been set to element 'Object Repository/Form Survey/android.widget.EditText - Alamat Tempat Usaha'

2022-01-04 09:55:13 - [MESSAGE][WARNING] - Timeout '0' is invalid. Using default page load timeout: '30'

2022-01-04 09:55:14 - [MESSAGE][PASSED] - Text 'Kp. Cibogo Wetan' has been set to element 'Object Repository/Form Survey/android.widget.EditText - Alamat Tempat Usaha'

2022-01-04 09:55:14 - [TEST_STEP][PASSED] - setText(findTestObject("Object Repository/Form Survey/android.widget.EditText - RT (1)"), findTestData("Deputi_Direktur").getObjectValue("Rt P", 1), 0): Text '01' has been set to element 'Object Repository/Form Survey/android.widget.EditText - RT (1)'

2022-01-04 09:55:14 - [MESSAGE][WARNING] - Timeout '0' is invalid. Using default page load timeout: '30'

2022-01-04 09:55:16 - [MESSAGE][PASSED] - Text '01' has been set to element 'Object Repository/Form Survey/android.widget.EditText - RT (1)'

2022-01-04 09:55:16 - [TEST_STEP][PASSED] - setText(findTestObject("Object Repository/Form Survey/android.widget.EditText - RW (1)"), findTestData("Deputi_Direktur").getObjectValue("Rw P", 1), 0): Text '04' has been set to element 'Object Repository/Form Survey/android.widget.EditText - RW (1)'

2022-01-04 09:55:16 - [MESSAGE][WARNING] - Timeout '0' is invalid. Using default page load timeout: '30'

2022-01-04 09:55:18 - [MESSAGE][PASSED] - Text '04' has been set to element 'Object Repository/Form Survey/android.widget.EditText - RW (1)'

2022-01-04 09:55:18 - [TEST_STEP][PASSED] - setText(findTestObject("Object Repository/Form Survey/android.widget.EditText - Kelurahan (1)"), findTestData("Deputi_Direktur").getObjectValue("Kelurahan P", 1), 0): Text 'Dermayu' has been set to element 'Object Repository/Form Survey/android.widget.EditText - Kelurahan (1)'

2022-01-04 09:55:18 - [MESSAGE][WARNING] - Timeout '0' is invalid. Using default page load timeout: '30'

2022-01-04 09:55:20 - [MESSAGE][PASSED] - Text 'Dermayu' has been set to element 'Object Repository/Form Survey/android.widget.EditText - Kelurahan (1)'

2022-01-04 09:55:20 - [TEST_STEP][PASSED] - setText(findTestObject("Object Repository/Form Survey/android.widget.EditText - Kecamatan (1)"), findTestData("Deputi_Direktur").getObjectValue("Kecamatan P", 1), 0): Text 'Dermayu' has been set to element 'Object Repository/Form Survey/android.widget.EditText - Kecamatan (1)'

2022-01-04 09:55:20 - [MESSAGE][WARNING] - Timeout '0' is invalid. Using default page load timeout: '30'

2022-01-04 09:55:22 - [MESSAGE][PASSED] - Text 'Dermayu' has been set to element 'Object Repository/Form Survey/android.widget.EditText - Kecamatan (1)'

2022-01-04 09:55:22 - [TEST_STEP][PASSED] - setText(findTestObject("Object Repository/Form Survey/android.widget.EditText - KabupatenKota (1)"), findTestData("Deputi_Direktur").getObjectValue("Kabupaten P", 1), 0): Text 'Jakarta Selatan' has been set to element 'Object Repository/Form Survey/android.widget.EditText - KabupatenKota (1)'

2022-01-04 09:55:22 - [MESSAGE][WARNING] - Timeout '0' is invalid. Using default page load timeout: '30'

2022-01-04 09:55:23 - [MESSAGE][PASSED] - Text 'Jakarta Selatan' has been set to element 'Object Repository/Form Survey/android.widget.EditText - KabupatenKota (1)'

2022-01-04 09:55:23 - [TEST_STEP][PASSED] - setText(findTestObject("Object Repository/Form Survey/android.widget.EditText - Kode Pos (1)"), findTestData("Deputi_Direktur").getObjectValue("Kode Pos P", 1), 0): Text '19990' has been set to element 'Object Repository/Form Survey/android.widget.EditText - Kode Pos (1)'

2022-01-04 09:55:24 - [MESSAGE][WARNING] - Timeout '0' is invalid. Using default page load timeout: '30'

2022-01-04 09:55:25 - [MESSAGE][PASSED] - Text '19990' has been set to element 'Object Repository/Form Survey/android.widget.EditText - Kode Pos (1)'

2022-01-04 09:55:25 - [TEST_STEP][PASSED] - tap(findTestObject("Object Repository/Form Survey/android.widget.TextView - Informasi Mobil"), 0): Tapped on element 'Object Repository/Form Survey/android.widget.TextView - Informasi Mobil'

2022-01-04 09:55:26 - [MESSAGE][WARNING] - Timeout '0' is invalid. Using default page load timeout: '30'

2022-01-04 09:55:27 - [MESSAGE][PASSED] - Tapped on element 'Object Repository/Form Survey/android.widget.TextView - Informasi Mobil'

2022-01-04 09:55:27 - [TEST_STEP][PASSED] - delay(3, STOP_ON_FAILURE): Delayed 3 second(s)

2022-01-04 09:55:30 - [MESSAGE][PASSED] - Delayed 3 second(s)

2022-01-04 09:55:30 - [TEST_STEP][PASSED] - takeScreenshotAsCheckpoint(baseDir + sspathmobilesurvey + "Form Survey 5" + ".png", STOP_ON_FAILURE): Screenshot is taken

2022-01-04 09:55:31 - [MESSAGE][INFO] - 0 hidden object(s)

2022-01-04 09:55:32 - [MESSAGE][PASSED] - Screenshot is taken
[[ATTACHMENT|C:\Users\Nia Yusniati\Git_Asa\mobile-survey\Screenshot\keyes\keyes-mobileForm Survey 5.png]]

2022-01-04 09:55:32 - [TEST_STEP][PASSED] - scrollToText("Submit"): Scrolling to text 'Submit' successfully

2022-01-04 09:55:40 - [MESSAGE][PASSED] - Scrolling to text 'Submit' successfully

2022-01-04 09:55:40 - [TEST_STEP][PASSED] - setText(findTestObject("Object Repository/Form Survey/android.widget.EditText - Merk Mobil"), findTestData("Deputi_Direktur").getObjectValue("Merk M", 1), 0): Text 'Honda' has been set to element 'Object Repository/Form Survey/android.widget.EditText - Merk Mobil'

2022-01-04 09:55:40 - [MESSAGE][WARNING] - Timeout '0' is invalid. Using default page load timeout: '30'

2022-01-04 09:55:42 - [MESSAGE][PASSED] - Text 'Honda' has been set to element 'Object Repository/Form Survey/android.widget.EditText - Merk Mobil'

2022-01-04 09:55:42 - [TEST_STEP][PASSED] - setText(findTestObject("Object Repository/Form Survey/android.widget.EditText - Tipe Mobil"), findTestData("Deputi_Direktur").getObjectValue("Tipe M", 1), 0): Text 'Honda Jazz' has been set to element 'Object Repository/Form Survey/android.widget.EditText - Tipe Mobil'

2022-01-04 09:55:42 - [MESSAGE][WARNING] - Timeout '0' is invalid. Using default page load timeout: '30'

2022-01-04 09:55:43 - [MESSAGE][PASSED] - Text 'Honda Jazz' has been set to element 'Object Repository/Form Survey/android.widget.EditText - Tipe Mobil'

2022-01-04 09:55:43 - [TEST_STEP][PASSED] - setText(findTestObject("Object Repository/Form Survey/android.widget.EditText - Tahun Mobil"), findTestData("Deputi_Direktur").getObjectValue("Tahun M", 1), 0): Text '2017' has been set to element 'Object Repository/Form Survey/android.widget.EditText - Tahun Mobil'

2022-01-04 09:55:43 - [MESSAGE][WARNING] - Timeout '0' is invalid. Using default page load timeout: '30'

2022-01-04 09:55:45 - [MESSAGE][PASSED] - Text '2017' has been set to element 'Object Repository/Form Survey/android.widget.EditText - Tahun Mobil'

2022-01-04 09:55:45 - [TEST_STEP][PASSED] - setText(findTestObject("Object Repository/Form Survey/android.widget.EditText - Warna Mobil"), findTestData("Deputi_Direktur").getObjectValue("Warna M", 1), 0): Text 'Hitam Doop' has been set to element 'Object Repository/Form Survey/android.widget.EditText - Warna Mobil'

2022-01-04 09:55:45 - [MESSAGE][WARNING] - Timeout '0' is invalid. Using default page load timeout: '30'

2022-01-04 09:55:47 - [MESSAGE][PASSED] - Text 'Hitam Doop' has been set to element 'Object Repository/Form Survey/android.widget.EditText - Warna Mobil'

2022-01-04 09:55:47 - [TEST_STEP][PASSED] - setText(findTestObject("Object Repository/Form Survey/android.widget.EditText - DealerShowroom"), findTestData("Deputi_Direktur").getObjectValue("Dealer", 1), 0): Text 'Jaka Showroom' has been set to element 'Object Repository/Form Survey/android.widget.EditText - DealerShowroom'

2022-01-04 09:55:47 - [MESSAGE][WARNING] - Timeout '0' is invalid. Using default page load timeout: '30'

2022-01-04 09:55:48 - [MESSAGE][PASSED] - Text 'Jaka Showroom' has been set to element 'Object Repository/Form Survey/android.widget.EditText - DealerShowroom'

2022-01-04 09:55:48 - [TEST_STEP][PASSED] - delay(5, STOP_ON_FAILURE): Delayed 5 second(s)

2022-01-04 09:55:53 - [MESSAGE][PASSED] - Delayed 5 second(s)

2022-01-04 09:55:53 - [TEST_STEP][PASSED] - takeScreenshotAsCheckpoint(baseDir + sspathmobilesurvey + "Form Survey 6" + ".png", STOP_ON_FAILURE): Screenshot is taken

2022-01-04 09:55:55 - [MESSAGE][INFO] - 0 hidden object(s)

2022-01-04 09:55:56 - [MESSAGE][PASSED] - Screenshot is taken
[[ATTACHMENT|C:\Users\Nia Yusniati\Git_Asa\mobile-survey\Screenshot\keyes\keyes-mobileForm Survey 6.png]]

2022-01-04 09:55:56 - [TEST_STEP][PASSED] - closeApplication(): Close app successfully

2022-01-04 09:55:57 - [MESSAGE][PASSED] - Close app successfully]]></system-out>
         <system-err><![CDATA[]]></system-err>
      </testcase>
      <system-out><![CDATA[2022-01-04 09:53:05 - [TEST_SUITE][PASSED] - Login - Submit: Test Cases/Deputi_Direktur/2. Form Survey]]></system-out>
      <system-err><![CDATA[]]></system-err>
   </testsuite>
</testsuites>
