<?xml version="1.0" encoding="UTF-8"?>
<testsuites name="1.2 Login - Re Sumbit" time="201.503" tests="2" failures="0" errors="0">
   <testsuite name="1.2 Login - Re Sumbit" tests="2" failures="0" errors="0" time="201.503" skipped="0" timestamp="2022-02-21 14:15:01" hostname="Nia Yusniati - Apandi" id="Test Suites/Branch_Manager/1.2 Login - Re Sumbit">
      <properties>
[...]
</properties>
      <testcase name="Test Cases/Branch_Manager/1. Login" time="46.747" classname="Test Cases/Branch_Manager/1. Login" status="PASSED">
         <system-out><![CDATA[2022-02-21 14:15:01 - [TEST_CASE][PASSED] - Test Cases/Branch_Manager/1. Login: Test Cases/Branch_Manager/1. Login

2022-02-21 14:15:02 - [TEST_STEP][PASSED] - baseDir = System.getProperty("user.dir"): null

2022-02-21 14:15:02 - [TEST_STEP][PASSED] - startExistingApplication("com.bcaf.mobilesurvey"): Starting app with application ID: 'com.bcaf.mobilesurvey'

2022-02-21 14:15:08 - [MESSAGE][INFO] - Appium server started on port 57,506

2022-02-21 14:15:26 - [MESSAGE][PASSED] - Starting app with application ID: 'com.bcaf.mobilesurvey'

2022-02-21 14:15:26 - [TEST_STEP][PASSED] - setText(findTestObject("Object Repository/Login/android.widget.EditText - NIP"), findTestData("Branch_Manager").getObjectValue("Username", 2), 0): Text '20211002' has been set to element 'Object Repository/Login/android.widget.EditText - NIP'

2022-02-21 14:15:27 - [MESSAGE][WARNING] - Timeout '0' is invalid. Using default page load timeout: '30'

2022-02-21 14:15:29 - [MESSAGE][PASSED] - Text '20211002' has been set to element 'Object Repository/Login/android.widget.EditText - NIP'

2022-02-21 14:15:29 - [TEST_STEP][PASSED] - setText(findTestObject("Object Repository/Login/android.widget.EditText - Password"), findTestData("Branch_Manager").getObjectValue("Pass", 2), 0): Text 'mobile123+' has been set to element 'Object Repository/Login/android.widget.EditText - Password'

2022-02-21 14:15:29 - [MESSAGE][WARNING] - Timeout '0' is invalid. Using default page load timeout: '30'

2022-02-21 14:15:31 - [MESSAGE][PASSED] - Text 'mobile123+' has been set to element 'Object Repository/Login/android.widget.EditText - Password'

2022-02-21 14:15:31 - [TEST_STEP][PASSED] - tap(findTestObject("Object Repository/Login/android.widget.CheckBox - Remember Me"), 0): Tapped on element 'Object Repository/Login/android.widget.CheckBox - Remember Me'

2022-02-21 14:15:31 - [MESSAGE][WARNING] - Timeout '0' is invalid. Using default page load timeout: '30'

2022-02-21 14:15:32 - [MESSAGE][PASSED] - Tapped on element 'Object Repository/Login/android.widget.CheckBox - Remember Me'

2022-02-21 14:15:32 - [TEST_STEP][PASSED] - hideKeyboard(): Keyboard is hidden

2022-02-21 14:15:36 - [MESSAGE][PASSED] - Keyboard is hidden

2022-02-21 14:15:36 - [TEST_STEP][PASSED] - delay(3, STOP_ON_FAILURE): Delayed 3 second(s)

2022-02-21 14:15:39 - [MESSAGE][PASSED] - Delayed 3 second(s)

2022-02-21 14:15:39 - [TEST_STEP][PASSED] - takeScreenshotAsCheckpoint(baseDir + sspathmobilesurvey + "login 1.1" + ".png", STOP_ON_FAILURE): Screenshot is taken

2022-02-21 14:15:41 - [MESSAGE][INFO] - 0 hidden object(s)

2022-02-21 14:15:42 - [MESSAGE][PASSED] - Screenshot is taken
[[ATTACHMENT|C:\Users\Nia Yusniati\Git_Asa\mobile-survey\Screenshot\keyes\keyes-mobilelogin 1.1.png]]

2022-02-21 14:15:42 - [TEST_STEP][PASSED] - tap(findTestObject("Object Repository/Login/android.widget.Button - LOGIN"), 0): Tapped on element 'Object Repository/Login/android.widget.Button - LOGIN'

2022-02-21 14:15:42 - [MESSAGE][WARNING] - Timeout '0' is invalid. Using default page load timeout: '30'

2022-02-21 14:15:43 - [MESSAGE][PASSED] - Tapped on element 'Object Repository/Login/android.widget.Button - LOGIN'

2022-02-21 14:15:43 - [TEST_STEP][PASSED] - delay(5, STOP_ON_FAILURE): Delayed 5 second(s)

2022-02-21 14:15:48 - [MESSAGE][PASSED] - Delayed 5 second(s)]]></system-out>
         <system-err><![CDATA[]]></system-err>
      </testcase>
      <testcase name="Test Cases/Branch_Manager/4. Re-Submit" time="151.251" classname="Test Cases/Branch_Manager/4. Re-Submit" status="PASSED">
         <system-out><![CDATA[2022-02-21 14:15:48 - [TEST_CASE][PASSED] - Test Cases/Branch_Manager/4. Re-Submit: Test Cases/Branch_Manager/4. Re-Submit

2022-02-21 14:15:49 - [TEST_STEP][PASSED] - baseDir = System.getProperty("user.dir"): null

2022-02-21 14:15:49 - [TEST_STEP][PASSED] - startExistingApplication("com.bcaf.mobilesurvey"): Starting app with application ID: 'com.bcaf.mobilesurvey'

2022-02-21 14:16:00 - [MESSAGE][PASSED] - Starting app with application ID: 'com.bcaf.mobilesurvey'

2022-02-21 14:16:00 - [TEST_STEP][PASSED] - delay(3, STOP_ON_FAILURE): Delayed 3 second(s)

2022-02-21 14:16:03 - [MESSAGE][PASSED] - Delayed 3 second(s)

2022-02-21 14:16:03 - [TEST_STEP][PASSED] - takeScreenshotAsCheckpoint(baseDir + sspathmobilesurvey + "Survey Kendaraan 4.1" + ".png", STOP_ON_FAILURE): Screenshot is taken

2022-02-21 14:16:06 - [MESSAGE][INFO] - 0 hidden object(s)

2022-02-21 14:16:06 - [MESSAGE][PASSED] - Screenshot is taken
[[ATTACHMENT|C:\Users\Nia Yusniati\Git_Asa\mobile-survey\Screenshot\keyes\keyes-mobileSurvey Kendaraan 4.1.png]]

2022-02-21 14:16:06 - [TEST_STEP][PASSED] - tap(findTestObject("Object Repository/Submit/android.widget.LinearLayout"), 0): Tapped on element 'Object Repository/Submit/android.widget.LinearLayout'

2022-02-21 14:16:06 - [MESSAGE][WARNING] - Timeout '0' is invalid. Using default page load timeout: '30'

2022-02-21 14:16:11 - [MESSAGE][PASSED] - Tapped on element 'Object Repository/Submit/android.widget.LinearLayout'

2022-02-21 14:16:11 - [TEST_STEP][PASSED] - delay(3, STOP_ON_FAILURE): Delayed 3 second(s)

2022-02-21 14:16:14 - [MESSAGE][PASSED] - Delayed 3 second(s)

2022-02-21 14:16:14 - [TEST_STEP][PASSED] - takeScreenshotAsCheckpoint(baseDir + sspathmobilesurvey + "Survey Kendaraan 4.2" + ".png", STOP_ON_FAILURE): Screenshot is taken

2022-02-21 14:16:16 - [MESSAGE][INFO] - 0 hidden object(s)

2022-02-21 14:16:17 - [MESSAGE][PASSED] - Screenshot is taken
[[ATTACHMENT|C:\Users\Nia Yusniati\Git_Asa\mobile-survey\Screenshot\keyes\keyes-mobileSurvey Kendaraan 4.2.png]]

2022-02-21 14:16:17 - [TEST_STEP][PASSED] - tap(findTestObject("Object Repository/Submit/android.widget.LinearLayout (1)"), 0): Tapped on element 'Object Repository/Submit/android.widget.LinearLayout (1)'

2022-02-21 14:16:17 - [MESSAGE][WARNING] - Timeout '0' is invalid. Using default page load timeout: '30'

2022-02-21 14:16:17 - [MESSAGE][PASSED] - Tapped on element 'Object Repository/Submit/android.widget.LinearLayout (1)'

2022-02-21 14:16:17 - [TEST_STEP][PASSED] - setText(findTestObject("Object Repository/Submit/android.widget.EditText - No Polisi"), findTestData("No_Polisi").getObjectValue("No_Polisi", 6), 0): Text 'B777B' has been set to element 'Object Repository/Submit/android.widget.EditText - No Polisi'

2022-02-21 14:16:18 - [MESSAGE][WARNING] - Timeout '0' is invalid. Using default page load timeout: '30'

2022-02-21 14:16:20 - [MESSAGE][PASSED] - Text 'B777B' has been set to element 'Object Repository/Submit/android.widget.EditText - No Polisi'

2022-02-21 14:16:20 - [TEST_STEP][PASSED] - tap(findTestObject("Object Repository/Submit/android.widget.Spinner"), 0): Tapped on element 'Object Repository/Submit/android.widget.Spinner'

2022-02-21 14:16:20 - [MESSAGE][WARNING] - Timeout '0' is invalid. Using default page load timeout: '30'

2022-02-21 14:16:21 - [MESSAGE][PASSED] - Tapped on element 'Object Repository/Submit/android.widget.Spinner'

2022-02-21 14:16:21 - [TEST_STEP][PASSED] - tap(findTestObject("Object Repository/Submit/android.widget.CheckedTextView - Aswata"), 0): Tapped on element 'Object Repository/Submit/android.widget.CheckedTextView - Aswata'

2022-02-21 14:16:21 - [MESSAGE][WARNING] - Timeout '0' is invalid. Using default page load timeout: '30'

2022-02-21 14:16:23 - [MESSAGE][PASSED] - Tapped on element 'Object Repository/Submit/android.widget.CheckedTextView - Aswata'

2022-02-21 14:16:23 - [TEST_STEP][PASSED] - delay(3, STOP_ON_FAILURE): Delayed 3 second(s)

2022-02-21 14:16:26 - [MESSAGE][PASSED] - Delayed 3 second(s)

2022-02-21 14:16:26 - [TEST_STEP][PASSED] - takeScreenshotAsCheckpoint(baseDir + sspathmobilesurvey + "Survey Kendaraan 4.3" + ".png", STOP_ON_FAILURE): Screenshot is taken

2022-02-21 14:16:28 - [MESSAGE][INFO] - 0 hidden object(s)

2022-02-21 14:16:28 - [MESSAGE][PASSED] - Screenshot is taken
[[ATTACHMENT|C:\Users\Nia Yusniati\Git_Asa\mobile-survey\Screenshot\keyes\keyes-mobileSurvey Kendaraan 4.3.png]]

2022-02-21 14:16:28 - [TEST_STEP][PASSED] - tap(findTestObject("Object Repository/Submit/android.widget.Button - SEARCH"), 0): Tapped on element 'Object Repository/Submit/android.widget.Button - SEARCH'

2022-02-21 14:16:28 - [MESSAGE][WARNING] - Timeout '0' is invalid. Using default page load timeout: '30'

2022-02-21 14:16:29 - [MESSAGE][PASSED] - Tapped on element 'Object Repository/Submit/android.widget.Button - SEARCH'

2022-02-21 14:16:29 - [TEST_STEP][PASSED] - delay(3, STOP_ON_FAILURE): Delayed 3 second(s)

2022-02-21 14:16:32 - [MESSAGE][PASSED] - Delayed 3 second(s)

2022-02-21 14:16:32 - [TEST_STEP][PASSED] - takeScreenshotAsCheckpoint(baseDir + sspathmobilesurvey + "Survey Kendaraan 4.4 " + ".png", STOP_ON_FAILURE): Screenshot is taken

2022-02-21 14:16:34 - [MESSAGE][INFO] - 0 hidden object(s)

2022-02-21 14:16:34 - [MESSAGE][PASSED] - Screenshot is taken
[[ATTACHMENT|C:\Users\Nia Yusniati\Git_Asa\mobile-survey\Screenshot\keyes\keyes-mobileSurvey Kendaraan 4.4 .png]]

2022-02-21 14:16:35 - [TEST_STEP][PASSED] - scrollToText("Surat Kendaraan"): Scrolling to text 'Surat Kendaraan' successfully

2022-02-21 14:16:41 - [MESSAGE][PASSED] - Scrolling to text 'Surat Kendaraan' successfully

2022-02-21 14:16:41 - [TEST_STEP][PASSED] - delay(3, STOP_ON_FAILURE): Delayed 3 second(s)

2022-02-21 14:16:44 - [MESSAGE][PASSED] - Delayed 3 second(s)

2022-02-21 14:16:44 - [TEST_STEP][PASSED] - takeScreenshotAsCheckpoint(baseDir + sspathmobilesurvey + "Survey Kendaraan 4.5" + ".png", STOP_ON_FAILURE): Screenshot is taken

2022-02-21 14:16:46 - [MESSAGE][INFO] - 0 hidden object(s)

2022-02-21 14:16:46 - [MESSAGE][PASSED] - Screenshot is taken
[[ATTACHMENT|C:\Users\Nia Yusniati\Git_Asa\mobile-survey\Screenshot\keyes\keyes-mobileSurvey Kendaraan 4.5.png]]

2022-02-21 14:16:46 - [TEST_STEP][PASSED] - tap(findTestObject("Object Repository/History_SurveyKendaraan/android.widget.TextView - Surat Kendaraan"), 0): Tapped on element 'Object Repository/History_SurveyKendaraan/android.widget.TextView - Surat Kendaraan'

2022-02-21 14:16:46 - [MESSAGE][WARNING] - Timeout '0' is invalid. Using default page load timeout: '30'

2022-02-21 14:16:48 - [MESSAGE][PASSED] - Tapped on element 'Object Repository/History_SurveyKendaraan/android.widget.TextView - Surat Kendaraan'

2022-02-21 14:16:48 - [TEST_STEP][PASSED] - delay(3, STOP_ON_FAILURE): Delayed 3 second(s)

2022-02-21 14:16:51 - [MESSAGE][PASSED] - Delayed 3 second(s)

2022-02-21 14:16:51 - [TEST_STEP][PASSED] - takeScreenshotAsCheckpoint(baseDir + sspathmobilesurvey + "Survey Kendaraan 4.6" + ".png", STOP_ON_FAILURE): Screenshot is taken

2022-02-21 14:16:53 - [MESSAGE][INFO] - 0 hidden object(s)

2022-02-21 14:16:54 - [MESSAGE][PASSED] - Screenshot is taken
[[ATTACHMENT|C:\Users\Nia Yusniati\Git_Asa\mobile-survey\Screenshot\keyes\keyes-mobileSurvey Kendaraan 4.6.png]]

2022-02-21 14:16:54 - [TEST_STEP][PASSED] - tap(findTestObject("Object Repository/History_SurveyKendaraan/android.widget.TextView - Kondisi Kendaraan"), 0): Tapped on element 'Object Repository/History_SurveyKendaraan/android.widget.TextView - Kondisi Kendaraan'

2022-02-21 14:16:54 - [MESSAGE][WARNING] - Timeout '0' is invalid. Using default page load timeout: '30'

2022-02-21 14:16:56 - [MESSAGE][PASSED] - Tapped on element 'Object Repository/History_SurveyKendaraan/android.widget.TextView - Kondisi Kendaraan'

2022-02-21 14:16:56 - [TEST_STEP][PASSED] - takeScreenshotAsCheckpoint(baseDir + sspathmobilesurvey + "Survey Kendaraan 4.7" + ".png", STOP_ON_FAILURE): Screenshot is taken

2022-02-21 14:16:58 - [MESSAGE][INFO] - 0 hidden object(s)

2022-02-21 14:16:58 - [MESSAGE][PASSED] - Screenshot is taken
[[ATTACHMENT|C:\Users\Nia Yusniati\Git_Asa\mobile-survey\Screenshot\keyes\keyes-mobileSurvey Kendaraan 4.7.png]]

2022-02-21 14:16:58 - [TEST_STEP][PASSED] - scrollToText("Optional"): Scrolling to text 'Optional' successfully

2022-02-21 14:17:10 - [MESSAGE][PASSED] - Scrolling to text 'Optional' successfully

2022-02-21 14:17:10 - [TEST_STEP][PASSED] - delay(3, STOP_ON_FAILURE): Delayed 3 second(s)

2022-02-21 14:17:13 - [MESSAGE][PASSED] - Delayed 3 second(s)

2022-02-21 14:17:13 - [TEST_STEP][PASSED] - takeScreenshotAsCheckpoint(baseDir + sspathmobilesurvey + "Survey Kendaraan 4.8" + ".png", STOP_ON_FAILURE): Screenshot is taken

2022-02-21 14:17:15 - [MESSAGE][INFO] - 0 hidden object(s)

2022-02-21 14:17:15 - [MESSAGE][PASSED] - Screenshot is taken
[[ATTACHMENT|C:\Users\Nia Yusniati\Git_Asa\mobile-survey\Screenshot\keyes\keyes-mobileSurvey Kendaraan 4.8.png]]

2022-02-21 14:17:15 - [TEST_STEP][PASSED] - tap(findTestObject("Object Repository/History_SurveyKendaraan/android.widget.TextView - Foto Mobil"), 0): Tapped on element 'Object Repository/History_SurveyKendaraan/android.widget.TextView - Foto Mobil'

2022-02-21 14:17:15 - [MESSAGE][WARNING] - Timeout '0' is invalid. Using default page load timeout: '30'

2022-02-21 14:17:19 - [MESSAGE][PASSED] - Tapped on element 'Object Repository/History_SurveyKendaraan/android.widget.TextView - Foto Mobil'

2022-02-21 14:17:19 - [TEST_STEP][PASSED] - scrollToText("Kanan Depan"): Scrolling to text 'Kanan Depan' successfully

2022-02-21 14:17:40 - [MESSAGE][PASSED] - Scrolling to text 'Kanan Depan' successfully

2022-02-21 14:17:40 - [TEST_STEP][PASSED] - delay(3, STOP_ON_FAILURE): Delayed 3 second(s)

2022-02-21 14:17:43 - [MESSAGE][PASSED] - Delayed 3 second(s)

2022-02-21 14:17:43 - [TEST_STEP][PASSED] - takeScreenshotAsCheckpoint(baseDir + sspathmobilesurvey + "Survey Kendaraan 4.9" + ".png", STOP_ON_FAILURE): Screenshot is taken

2022-02-21 14:17:46 - [MESSAGE][INFO] - 0 hidden object(s)

2022-02-21 14:17:46 - [MESSAGE][PASSED] - Screenshot is taken
[[ATTACHMENT|C:\Users\Nia Yusniati\Git_Asa\mobile-survey\Screenshot\keyes\keyes-mobileSurvey Kendaraan 4.9.png]]

2022-02-21 14:17:46 - [TEST_STEP][PASSED] - scrollToText("SUBMIT"): Scrolling to text 'SUBMIT' successfully

2022-02-21 14:18:06 - [MESSAGE][PASSED] - Scrolling to text 'SUBMIT' successfully

2022-02-21 14:18:06 - [TEST_STEP][PASSED] - tap(findTestObject("Status/android.widget.RadioButton - Approved (1)"), 0): Tapped on element 'Object Repository/Status/android.widget.RadioButton - Approved (1)'

2022-02-21 14:18:06 - [MESSAGE][WARNING] - Timeout '0' is invalid. Using default page load timeout: '30'

2022-02-21 14:18:08 - [MESSAGE][PASSED] - Tapped on element 'Object Repository/Status/android.widget.RadioButton - Approved (1)'

2022-02-21 14:18:08 - [TEST_STEP][PASSED] - setText(findTestObject("Status/android.widget.EditText - Komentar (Set Text)"), findTestData("Status_Submit").getObjectValue("Status", 1), 0): Text 'Status Survey 3 : Tidak Submit' has been set to element 'Object Repository/Status/android.widget.EditText - Komentar (Set Text)'

2022-02-21 14:18:08 - [MESSAGE][WARNING] - Timeout '0' is invalid. Using default page load timeout: '30'

2022-02-21 14:18:10 - [MESSAGE][PASSED] - Text 'Status Survey 3 : Tidak Submit' has been set to element 'Object Repository/Status/android.widget.EditText - Komentar (Set Text)'

2022-02-21 14:18:10 - [TEST_STEP][PASSED] - delay(3, STOP_ON_FAILURE): Delayed 3 second(s)

2022-02-21 14:18:13 - [MESSAGE][PASSED] - Delayed 3 second(s)

2022-02-21 14:18:13 - [TEST_STEP][PASSED] - takeScreenshotAsCheckpoint(baseDir + sspathmobilesurvey + "Survey Kendaraan 4.10" + ".png", STOP_ON_FAILURE): Screenshot is taken

2022-02-21 14:18:16 - [MESSAGE][INFO] - 0 hidden object(s)

2022-02-21 14:18:16 - [MESSAGE][PASSED] - Screenshot is taken
[[ATTACHMENT|C:\Users\Nia Yusniati\Git_Asa\mobile-survey\Screenshot\keyes\keyes-mobileSurvey Kendaraan 4.10.png]]

2022-02-21 14:18:16 - [TEST_STEP][NOT_RUN] - checkElement(findTestObject("Status/android.widget.Button - SUBMIT"), 0): NOT_RUN: checkElement(findTestObject("Status/android.widget.Button - SUBMIT"), 0)

2022-02-21 14:18:16 - [MESSAGE][NOT_RUN] - NOT_RUN: checkElement(findTestObject("Status/android.widget.Button - SUBMIT"), 0)

2022-02-21 14:18:16 - [TEST_STEP][PASSED] - delay(3, STOP_ON_FAILURE): Delayed 3 second(s)

2022-02-21 14:18:19 - [MESSAGE][PASSED] - Delayed 3 second(s)]]></system-out>
         <system-err><![CDATA[]]></system-err>
      </testcase>
      <system-out><![CDATA[2022-02-21 14:15:01 - [TEST_SUITE][PASSED] - 1.2 Login - Re Sumbit: Test Cases/Branch_Manager/4. Re-Submit]]></system-out>
      <system-err><![CDATA[]]></system-err>
   </testsuite>
</testsuites>
