<?xml version="1.0" encoding="UTF-8"?>
<testsuites name="1.1 Login - History" time="144.444" tests="2" failures="0" errors="0">
   <testsuite name="1.1 Login - History" tests="2" failures="0" errors="0" time="144.444" skipped="0" timestamp="2022-02-21 15:31:04" hostname="Nia Yusniati - Apandi" id="Test Suites/DD/1.1 Login - History">
      <properties>
[...]
</properties>
      <testcase name="Test Cases/DD/1. Login" time="41.841" classname="Test Cases/DD/1. Login" status="PASSED">
         <system-out><![CDATA[2022-02-21 15:31:04 - [TEST_CASE][PASSED] - Test Cases/DD/1. Login: Test Cases/DD/1. Login

2022-02-21 15:31:05 - [TEST_STEP][PASSED] - baseDir = System.getProperty("user.dir"): null

2022-02-21 15:31:05 - [TEST_STEP][PASSED] - startExistingApplication("com.bcaf.mobilesurvey"): Starting app with application ID: 'com.bcaf.mobilesurvey'

2022-02-21 15:31:11 - [MESSAGE][INFO] - Appium server started on port 61,116

2022-02-21 15:31:26 - [MESSAGE][PASSED] - Starting app with application ID: 'com.bcaf.mobilesurvey'

2022-02-21 15:31:26 - [TEST_STEP][PASSED] - setText(findTestObject("Object Repository/Login/android.widget.EditText - NIP"), findTestData("Deputi_Direktur").getObjectValue("Username", 1), 0): Text '20210021' has been set to element 'Object Repository/Login/android.widget.EditText - NIP'

2022-02-21 15:31:28 - [MESSAGE][WARNING] - Timeout '0' is invalid. Using default page load timeout: '30'

2022-02-21 15:31:30 - [MESSAGE][PASSED] - Text '20210021' has been set to element 'Object Repository/Login/android.widget.EditText - NIP'

2022-02-21 15:31:30 - [TEST_STEP][PASSED] - setText(findTestObject("Object Repository/Login/android.widget.EditText - Password"), findTestData("Deputi_Direktur").getObjectValue("Pass", 1), 0): Text 'mobile123+' has been set to element 'Object Repository/Login/android.widget.EditText - Password'

2022-02-21 15:31:30 - [MESSAGE][WARNING] - Timeout '0' is invalid. Using default page load timeout: '30'

2022-02-21 15:31:32 - [MESSAGE][PASSED] - Text 'mobile123+' has been set to element 'Object Repository/Login/android.widget.EditText - Password'

2022-02-21 15:31:32 - [TEST_STEP][PASSED] - tap(findTestObject("Object Repository/Login/android.widget.CheckBox - Remember Me"), 0): Tapped on element 'Object Repository/Login/android.widget.CheckBox - Remember Me'

2022-02-21 15:31:32 - [MESSAGE][WARNING] - Timeout '0' is invalid. Using default page load timeout: '30'

2022-02-21 15:31:33 - [MESSAGE][PASSED] - Tapped on element 'Object Repository/Login/android.widget.CheckBox - Remember Me'

2022-02-21 15:31:33 - [TEST_STEP][PASSED] - hideKeyboard(): Keyboard is hidden

2022-02-21 15:31:36 - [MESSAGE][PASSED] - Keyboard is hidden

2022-02-21 15:31:36 - [TEST_STEP][PASSED] - delay(3, STOP_ON_FAILURE): Delayed 3 second(s)

2022-02-21 15:31:39 - [MESSAGE][PASSED] - Delayed 3 second(s)

2022-02-21 15:31:39 - [TEST_STEP][PASSED] - takeScreenshotAsCheckpoint(baseDir + sspathmobilesurvey + "Login 3.1" + ".png", STOP_ON_FAILURE): Screenshot is taken

2022-02-21 15:31:42 - [MESSAGE][INFO] - 0 hidden object(s)

2022-02-21 15:31:42 - [MESSAGE][PASSED] - Screenshot is taken
[[ATTACHMENT|C:\Users\Nia Yusniati\Git_Asa\mobile-survey\Screenshot\keyes\keyes-mobileLogin 3.1.png]]

2022-02-21 15:31:42 - [TEST_STEP][PASSED] - tap(findTestObject("Object Repository/Login/android.widget.Button - LOGIN"), 0): Tapped on element 'Object Repository/Login/android.widget.Button - LOGIN'

2022-02-21 15:31:42 - [MESSAGE][WARNING] - Timeout '0' is invalid. Using default page load timeout: '30'

2022-02-21 15:31:43 - [MESSAGE][PASSED] - Tapped on element 'Object Repository/Login/android.widget.Button - LOGIN'

2022-02-21 15:31:43 - [TEST_STEP][PASSED] - delay(3, STOP_ON_FAILURE): Delayed 3 second(s)

2022-02-21 15:31:46 - [MESSAGE][PASSED] - Delayed 3 second(s)]]></system-out>
         <system-err><![CDATA[]]></system-err>
      </testcase>
      <testcase name="Test Cases/DD/2. History - SurveyKendaraan" time="100.931" classname="Test Cases/DD/2. History - SurveyKendaraan" status="PASSED">
         <system-out><![CDATA[2022-02-21 15:31:46 - [TEST_CASE][PASSED] - Test Cases/DD/2. History - SurveyKendaraan: Test Cases/DD/2. History - SurveyKendaraan

2022-02-21 15:31:47 - [TEST_STEP][PASSED] - baseDir = System.getProperty("user.dir"): null

2022-02-21 15:31:47 - [TEST_STEP][PASSED] - startExistingApplication("com.bcaf.mobilesurvey"): Starting app with application ID: 'com.bcaf.mobilesurvey'

2022-02-21 15:31:58 - [MESSAGE][PASSED] - Starting app with application ID: 'com.bcaf.mobilesurvey'

2022-02-21 15:31:58 - [TEST_STEP][PASSED] - delay(3, STOP_ON_FAILURE): Delayed 3 second(s)

2022-02-21 15:32:01 - [MESSAGE][PASSED] - Delayed 3 second(s)

2022-02-21 15:32:01 - [TEST_STEP][PASSED] - takeScreenshotAsCheckpoint(baseDir + sspathmobilesurvey + "Survey Kendaraan 1" + ".png", STOP_ON_FAILURE): Screenshot is taken

2022-02-21 15:32:02 - [MESSAGE][INFO] - 0 hidden object(s)

2022-02-21 15:32:02 - [MESSAGE][PASSED] - Screenshot is taken
[[ATTACHMENT|C:\Users\Nia Yusniati\Git_Asa\mobile-survey\Screenshot\keyes\keyes-mobileSurvey Kendaraan 1.png]]

2022-02-21 15:32:02 - [TEST_STEP][PASSED] - tap(findTestObject("Object Repository/History_SurveyKendaraan/android.widget.LinearLayout"), 0): Tapped on element 'Object Repository/History_SurveyKendaraan/android.widget.LinearLayout'

2022-02-21 15:32:03 - [MESSAGE][WARNING] - Timeout '0' is invalid. Using default page load timeout: '30'

2022-02-21 15:32:04 - [MESSAGE][PASSED] - Tapped on element 'Object Repository/History_SurveyKendaraan/android.widget.LinearLayout'

2022-02-21 15:32:04 - [TEST_STEP][PASSED] - delay(3, STOP_ON_FAILURE): Delayed 3 second(s)

2022-02-21 15:32:07 - [MESSAGE][PASSED] - Delayed 3 second(s)

2022-02-21 15:32:07 - [TEST_STEP][PASSED] - takeScreenshotAsCheckpoint(baseDir + sspathmobilesurvey + "Survey Kendaraan 2" + ".png", STOP_ON_FAILURE): Screenshot is taken

2022-02-21 15:32:09 - [MESSAGE][INFO] - 0 hidden object(s)

2022-02-21 15:32:09 - [MESSAGE][PASSED] - Screenshot is taken
[[ATTACHMENT|C:\Users\Nia Yusniati\Git_Asa\mobile-survey\Screenshot\keyes\keyes-mobileSurvey Kendaraan 2.png]]

2022-02-21 15:32:09 - [TEST_STEP][PASSED] - tap(findTestObject("History_SurveyKendaraan/android.widget.LinearLayout-HistoryInquiry"), 0): Tapped on element 'Object Repository/History_SurveyKendaraan/android.widget.LinearLayout-HistoryInquiry'

2022-02-21 15:32:09 - [MESSAGE][WARNING] - Timeout '0' is invalid. Using default page load timeout: '30'

2022-02-21 15:32:10 - [MESSAGE][PASSED] - Tapped on element 'Object Repository/History_SurveyKendaraan/android.widget.LinearLayout-HistoryInquiry'

2022-02-21 15:32:10 - [TEST_STEP][PASSED] - setText(findTestObject("Object Repository/History_SurveyKendaraan/android.widget.EditText - No Polisi"), findTestData("No_Polisi").getObjectValue("No_Polisi", 6), 0): Text 'B777B' has been set to element 'Object Repository/History_SurveyKendaraan/android.widget.EditText - No Polisi'

2022-02-21 15:32:10 - [MESSAGE][WARNING] - Timeout '0' is invalid. Using default page load timeout: '30'

2022-02-21 15:32:12 - [MESSAGE][PASSED] - Text 'B777B' has been set to element 'Object Repository/History_SurveyKendaraan/android.widget.EditText - No Polisi'

2022-02-21 15:32:12 - [TEST_STEP][PASSED] - takeScreenshotAsCheckpoint(baseDir + sspathmobilesurvey + "Survey Kendaraan 3" + ".png", STOP_ON_FAILURE): Screenshot is taken

2022-02-21 15:32:13 - [MESSAGE][INFO] - 0 hidden object(s)

2022-02-21 15:32:14 - [MESSAGE][PASSED] - Screenshot is taken
[[ATTACHMENT|C:\Users\Nia Yusniati\Git_Asa\mobile-survey\Screenshot\keyes\keyes-mobileSurvey Kendaraan 3.png]]

2022-02-21 15:32:14 - [TEST_STEP][PASSED] - tap(findTestObject("Object Repository/History_SurveyKendaraan/android.widget.Button - SEARCH"), 0): Tapped on element 'Object Repository/History_SurveyKendaraan/android.widget.Button - SEARCH'

2022-02-21 15:32:14 - [MESSAGE][WARNING] - Timeout '0' is invalid. Using default page load timeout: '30'

2022-02-21 15:32:14 - [MESSAGE][PASSED] - Tapped on element 'Object Repository/History_SurveyKendaraan/android.widget.Button - SEARCH'

2022-02-21 15:32:14 - [TEST_STEP][PASSED] - delay(3, STOP_ON_FAILURE): Delayed 3 second(s)

2022-02-21 15:32:17 - [MESSAGE][PASSED] - Delayed 3 second(s)

2022-02-21 15:32:17 - [TEST_STEP][PASSED] - takeScreenshotAsCheckpoint(baseDir + sspathmobilesurvey + "Survey Kendaraan 4" + ".png", STOP_ON_FAILURE): Screenshot is taken

2022-02-21 15:32:19 - [MESSAGE][INFO] - 0 hidden object(s)

2022-02-21 15:32:19 - [MESSAGE][PASSED] - Screenshot is taken
[[ATTACHMENT|C:\Users\Nia Yusniati\Git_Asa\mobile-survey\Screenshot\keyes\keyes-mobileSurvey Kendaraan 4.png]]

2022-02-21 15:32:19 - [TEST_STEP][PASSED] - scrollToText("Data Kendaraan"): Scrolling to text 'Data Kendaraan' successfully

2022-02-21 15:32:25 - [MESSAGE][PASSED] - Scrolling to text 'Data Kendaraan' successfully

2022-02-21 15:32:25 - [TEST_STEP][PASSED] - delay(3, STOP_ON_FAILURE): Delayed 3 second(s)

2022-02-21 15:32:28 - [MESSAGE][PASSED] - Delayed 3 second(s)

2022-02-21 15:32:28 - [TEST_STEP][PASSED] - takeScreenshotAsCheckpoint(baseDir + sspathmobilesurvey + "Survey Kendaraan 5" + ".png", STOP_ON_FAILURE): Screenshot is taken

2022-02-21 15:32:30 - [MESSAGE][INFO] - 0 hidden object(s)

2022-02-21 15:32:30 - [MESSAGE][PASSED] - Screenshot is taken
[[ATTACHMENT|C:\Users\Nia Yusniati\Git_Asa\mobile-survey\Screenshot\keyes\keyes-mobileSurvey Kendaraan 5.png]]

2022-02-21 15:32:30 - [TEST_STEP][PASSED] - tap(findTestObject("Object Repository/History_SurveyKendaraan/android.widget.TextView - Surat Kendaraan"), 0): Tapped on element 'Object Repository/History_SurveyKendaraan/android.widget.TextView - Surat Kendaraan'

2022-02-21 15:32:31 - [MESSAGE][WARNING] - Timeout '0' is invalid. Using default page load timeout: '30'

2022-02-21 15:32:32 - [MESSAGE][PASSED] - Tapped on element 'Object Repository/History_SurveyKendaraan/android.widget.TextView - Surat Kendaraan'

2022-02-21 15:32:32 - [TEST_STEP][PASSED] - delay(3, STOP_ON_FAILURE): Delayed 3 second(s)

2022-02-21 15:32:35 - [MESSAGE][PASSED] - Delayed 3 second(s)

2022-02-21 15:32:35 - [TEST_STEP][PASSED] - takeScreenshotAsCheckpoint(baseDir + sspathmobilesurvey + "Survey Kendaraan 6" + ".png", STOP_ON_FAILURE): Screenshot is taken

2022-02-21 15:32:37 - [MESSAGE][INFO] - 0 hidden object(s)

2022-02-21 15:32:37 - [MESSAGE][PASSED] - Screenshot is taken
[[ATTACHMENT|C:\Users\Nia Yusniati\Git_Asa\mobile-survey\Screenshot\keyes\keyes-mobileSurvey Kendaraan 6.png]]

2022-02-21 15:32:38 - [TEST_STEP][PASSED] - scrollToText("Kondisi Kendaraan"): Scrolling to text 'Kondisi Kendaraan' successfully

2022-02-21 15:32:44 - [MESSAGE][PASSED] - Scrolling to text 'Kondisi Kendaraan' successfully

2022-02-21 15:32:44 - [TEST_STEP][PASSED] - tap(findTestObject("Object Repository/History_SurveyKendaraan/android.widget.TextView - Kondisi Kendaraan"), 0): Tapped on element 'Object Repository/History_SurveyKendaraan/android.widget.TextView - Kondisi Kendaraan'

2022-02-21 15:32:44 - [MESSAGE][WARNING] - Timeout '0' is invalid. Using default page load timeout: '30'

2022-02-21 15:32:46 - [MESSAGE][PASSED] - Tapped on element 'Object Repository/History_SurveyKendaraan/android.widget.TextView - Kondisi Kendaraan'

2022-02-21 15:32:46 - [TEST_STEP][PASSED] - takeScreenshotAsCheckpoint(baseDir + sspathmobilesurvey + "Survey Kendaraan 7" + ".png", STOP_ON_FAILURE): Screenshot is taken

2022-02-21 15:32:48 - [MESSAGE][INFO] - 0 hidden object(s)

2022-02-21 15:32:48 - [MESSAGE][PASSED] - Screenshot is taken
[[ATTACHMENT|C:\Users\Nia Yusniati\Git_Asa\mobile-survey\Screenshot\keyes\keyes-mobileSurvey Kendaraan 7.png]]

2022-02-21 15:32:48 - [TEST_STEP][PASSED] - scrollToText("Foto Mobil"): Scrolling to text 'Foto Mobil' successfully

2022-02-21 15:33:00 - [MESSAGE][PASSED] - Scrolling to text 'Foto Mobil' successfully

2022-02-21 15:33:00 - [TEST_STEP][PASSED] - delay(3, STOP_ON_FAILURE): Delayed 3 second(s)

2022-02-21 15:33:03 - [MESSAGE][PASSED] - Delayed 3 second(s)

2022-02-21 15:33:03 - [TEST_STEP][PASSED] - tap(findTestObject("Object Repository/History_SurveyKendaraan/android.widget.TextView - Foto Mobil"), 0): Tapped on element 'Object Repository/History_SurveyKendaraan/android.widget.TextView - Foto Mobil'

2022-02-21 15:33:03 - [MESSAGE][WARNING] - Timeout '0' is invalid. Using default page load timeout: '30'

2022-02-21 15:33:05 - [MESSAGE][PASSED] - Tapped on element 'Object Repository/History_SurveyKendaraan/android.widget.TextView - Foto Mobil'

2022-02-21 15:33:05 - [TEST_STEP][PASSED] - scrollToText("Kiri Depan"): Scrolling to text 'Kiri Depan' successfully

2022-02-21 15:33:20 - [MESSAGE][PASSED] - Scrolling to text 'Kiri Depan' successfully

2022-02-21 15:33:20 - [TEST_STEP][PASSED] - delay(3, STOP_ON_FAILURE): Delayed 3 second(s)

2022-02-21 15:33:23 - [MESSAGE][PASSED] - Delayed 3 second(s)

2022-02-21 15:33:23 - [TEST_STEP][PASSED] - takeScreenshotAsCheckpoint(baseDir + sspathmobilesurvey + "Survey Kendaraan 8" + ".png", STOP_ON_FAILURE): Screenshot is taken

2022-02-21 15:33:26 - [MESSAGE][INFO] - 0 hidden object(s)

2022-02-21 15:33:26 - [MESSAGE][PASSED] - Screenshot is taken
[[ATTACHMENT|C:\Users\Nia Yusniati\Git_Asa\mobile-survey\Screenshot\keyes\keyes-mobileSurvey Kendaraan 8.png]]

2022-02-21 15:33:26 - [TEST_STEP][PASSED] - closeApplication(): Close app successfully

2022-02-21 15:33:27 - [MESSAGE][PASSED] - Close app successfully]]></system-out>
         <system-err><![CDATA[]]></system-err>
      </testcase>
      <system-out><![CDATA[2022-02-21 15:31:04 - [TEST_SUITE][PASSED] - 1.1 Login - History: Test Cases/DD/2. History - SurveyKendaraan]]></system-out>
      <system-err><![CDATA[]]></system-err>
   </testsuite>
</testsuites>
