<?xml version="1.0" encoding="UTF-8"?>
<testsuites name="Login - Submit" time="180.981" tests="2" failures="0" errors="0">
   <testsuite name="Login - Submit" tests="2" failures="0" errors="0" time="180.981" skipped="0" timestamp="2022-01-04 10:09:19" hostname="Nia Yusniati - Apandi" id="Test Suites/Deputi_Direktur/Login - Submit">
      <properties>
[...]
</properties>
      <testcase name="Test Cases/Deputi_Direktur/1. Login" time="48.182" classname="Test Cases/Deputi_Direktur/1. Login" status="PASSED">
         <system-out><![CDATA[2022-01-04 10:09:20 - [TEST_CASE][PASSED] - Test Cases/Deputi_Direktur/1. Login: Test Cases/Deputi_Direktur/1. Login

2022-01-04 10:09:21 - [TEST_STEP][PASSED] - baseDir = System.getProperty("user.dir"): null

2022-01-04 10:09:21 - [TEST_STEP][PASSED] - startExistingApplication("com.bcaf.mobilesurvey"): Starting app with application ID: 'com.bcaf.mobilesurvey'

2022-01-04 10:09:26 - [MESSAGE][INFO] - Appium server started on port 50,785

2022-01-04 10:09:43 - [MESSAGE][PASSED] - Starting app with application ID: 'com.bcaf.mobilesurvey'

2022-01-04 10:09:43 - [TEST_STEP][PASSED] - setText(findTestObject("Object Repository/Login/android.widget.EditText - NIP"), findTestData("Deputi_Direktur").getObjectValue("Username", 1), 0): Text '20211021' has been set to element 'Object Repository/Login/android.widget.EditText - NIP'

2022-01-04 10:09:44 - [MESSAGE][WARNING] - Timeout '0' is invalid. Using default page load timeout: '30'

2022-01-04 10:09:46 - [MESSAGE][PASSED] - Text '20211021' has been set to element 'Object Repository/Login/android.widget.EditText - NIP'

2022-01-04 10:09:46 - [TEST_STEP][PASSED] - setText(findTestObject("Object Repository/Login/android.widget.EditText - Password"), findTestData("Deputi_Direktur").getObjectValue("Pass", 1), 0): Text 'mobile123+' has been set to element 'Object Repository/Login/android.widget.EditText - Password'

2022-01-04 10:09:47 - [MESSAGE][WARNING] - Timeout '0' is invalid. Using default page load timeout: '30'

2022-01-04 10:09:49 - [MESSAGE][PASSED] - Text 'mobile123+' has been set to element 'Object Repository/Login/android.widget.EditText - Password'

2022-01-04 10:09:49 - [TEST_STEP][PASSED] - tap(findTestObject("Object Repository/Login/android.widget.CheckBox - Remember Me"), 0): Tapped on element 'Object Repository/Login/android.widget.CheckBox - Remember Me'

2022-01-04 10:09:49 - [MESSAGE][WARNING] - Timeout '0' is invalid. Using default page load timeout: '30'

2022-01-04 10:09:50 - [MESSAGE][PASSED] - Tapped on element 'Object Repository/Login/android.widget.CheckBox - Remember Me'

2022-01-04 10:09:50 - [TEST_STEP][PASSED] - hideKeyboard(): Keyboard is hidden

2022-01-04 10:09:56 - [MESSAGE][PASSED] - Keyboard is hidden

2022-01-04 10:09:56 - [TEST_STEP][PASSED] - delay(3, STOP_ON_FAILURE): Delayed 3 second(s)

2022-01-04 10:10:00 - [MESSAGE][PASSED] - Delayed 3 second(s)

2022-01-04 10:10:00 - [TEST_STEP][PASSED] - takeScreenshotAsCheckpoint(baseDir + sspathmobilesurvey + "Login 2.1" + ".png", STOP_ON_FAILURE): Screenshot is taken

2022-01-04 10:10:02 - [MESSAGE][INFO] - 0 hidden object(s)

2022-01-04 10:10:02 - [MESSAGE][PASSED] - Screenshot is taken
[[ATTACHMENT|C:\Users\Nia Yusniati\Git_Asa\mobile-survey\Screenshot\keyes\keyes-mobileLogin 2.1.png]]

2022-01-04 10:10:02 - [TEST_STEP][PASSED] - tap(findTestObject("Object Repository/Login/android.widget.Button - LOGIN"), 0): Tapped on element 'Object Repository/Login/android.widget.Button - LOGIN'

2022-01-04 10:10:02 - [MESSAGE][WARNING] - Timeout '0' is invalid. Using default page load timeout: '30'

2022-01-04 10:10:03 - [MESSAGE][PASSED] - Tapped on element 'Object Repository/Login/android.widget.Button - LOGIN'

2022-01-04 10:10:03 - [TEST_STEP][PASSED] - delay(5, STOP_ON_FAILURE): Delayed 5 second(s)

2022-01-04 10:10:08 - [MESSAGE][PASSED] - Delayed 5 second(s)]]></system-out>
         <system-err><![CDATA[]]></system-err>
      </testcase>
      <testcase name="Test Cases/Deputi_Direktur/2. Form Survey" time="131.242" classname="Test Cases/Deputi_Direktur/2. Form Survey" status="PASSED">
         <system-out><![CDATA[2022-01-04 10:10:08 - [TEST_CASE][PASSED] - Test Cases/Deputi_Direktur/2. Form Survey: Test Cases/Deputi_Direktur/2. Form Survey

2022-01-04 10:10:09 - [TEST_STEP][PASSED] - baseDir = System.getProperty("user.dir"): null

2022-01-04 10:10:09 - [TEST_STEP][PASSED] - startExistingApplication("com.bcaf.mobilesurvey"): Starting app with application ID: 'com.bcaf.mobilesurvey'

2022-01-04 10:10:20 - [MESSAGE][PASSED] - Starting app with application ID: 'com.bcaf.mobilesurvey'

2022-01-04 10:10:20 - [TEST_STEP][PASSED] - takeScreenshotAsCheckpoint(baseDir + sspathmobilesurvey + "Form Survey 1" + ".png", STOP_ON_FAILURE): Screenshot is taken

2022-01-04 10:10:22 - [MESSAGE][INFO] - 0 hidden object(s)

2022-01-04 10:10:22 - [MESSAGE][PASSED] - Screenshot is taken
[[ATTACHMENT|C:\Users\Nia Yusniati\Git_Asa\mobile-survey\Screenshot\keyes\keyes-mobileForm Survey 1.png]]

2022-01-04 10:10:22 - [TEST_STEP][PASSED] - tap(findTestObject("Object Repository/Form Survey/android.widget.LinearLayout"), 0): Tapped on element 'Object Repository/Form Survey/android.widget.LinearLayout'

2022-01-04 10:10:22 - [MESSAGE][WARNING] - Timeout '0' is invalid. Using default page load timeout: '30'

2022-01-04 10:10:23 - [MESSAGE][PASSED] - Tapped on element 'Object Repository/Form Survey/android.widget.LinearLayout'

2022-01-04 10:10:23 - [TEST_STEP][PASSED] - takeScreenshotAsCheckpoint(baseDir + sspathmobilesurvey + "Form Survey 2" + ".png", STOP_ON_FAILURE): Screenshot is taken

2022-01-04 10:10:25 - [MESSAGE][INFO] - 0 hidden object(s)

2022-01-04 10:10:25 - [MESSAGE][PASSED] - Screenshot is taken
[[ATTACHMENT|C:\Users\Nia Yusniati\Git_Asa\mobile-survey\Screenshot\keyes\keyes-mobileForm Survey 2.png]]

2022-01-04 10:10:25 - [TEST_STEP][PASSED] - setText(findTestObject("Object Repository/Form Survey/android.widget.EditText - Mobile ID"), findTestData("Deputi_Direktur").getObjectValue("MobileID", 1), 0): Text '123ABC' has been set to element 'Object Repository/Form Survey/android.widget.EditText - Mobile ID'

2022-01-04 10:10:25 - [MESSAGE][WARNING] - Timeout '0' is invalid. Using default page load timeout: '30'

2022-01-04 10:10:27 - [MESSAGE][PASSED] - Text '123ABC' has been set to element 'Object Repository/Form Survey/android.widget.EditText - Mobile ID'

2022-01-04 10:10:27 - [TEST_STEP][PASSED] - setText(findTestObject("Object Repository/Form Survey/android.widget.EditText - Nama Konsumen"), findTestData("Deputi_Direktur").getObjectValue("Nama", 1), 0): Text 'Kosim' has been set to element 'Object Repository/Form Survey/android.widget.EditText - Nama Konsumen'

2022-01-04 10:10:27 - [MESSAGE][WARNING] - Timeout '0' is invalid. Using default page load timeout: '30'

2022-01-04 10:10:29 - [MESSAGE][PASSED] - Text 'Kosim' has been set to element 'Object Repository/Form Survey/android.widget.EditText - Nama Konsumen'

2022-01-04 10:10:29 - [TEST_STEP][PASSED] - setText(findTestObject("Object Repository/Form Survey/android.widget.EditText - No KTP"), findTestData("Deputi_Direktur").getObjectValue("Ktp", 1), 0): Text '3600230821349800' has been set to element 'Object Repository/Form Survey/android.widget.EditText - No KTP'

2022-01-04 10:10:30 - [MESSAGE][WARNING] - Timeout '0' is invalid. Using default page load timeout: '30'

2022-01-04 10:10:31 - [MESSAGE][PASSED] - Text '3600230821349800' has been set to element 'Object Repository/Form Survey/android.widget.EditText - No KTP'

2022-01-04 10:10:31 - [TEST_STEP][PASSED] - setText(findTestObject("Object Repository/Form Survey/android.widget.EditText - No HP"), findTestData("Deputi_Direktur").getObjectValue("Hp", 1), 0): Text '085712072110' has been set to element 'Object Repository/Form Survey/android.widget.EditText - No HP'

2022-01-04 10:10:31 - [MESSAGE][WARNING] - Timeout '0' is invalid. Using default page load timeout: '30'

2022-01-04 10:10:33 - [MESSAGE][PASSED] - Text '085712072110' has been set to element 'Object Repository/Form Survey/android.widget.EditText - No HP'

2022-01-04 10:10:33 - [TEST_STEP][PASSED] - setText(findTestObject("Object Repository/Form Survey/android.widget.EditText - No Telp"), findTestData("Deputi_Direktur").getObjectValue("Tlp", 1), 0): Text '0219880213' has been set to element 'Object Repository/Form Survey/android.widget.EditText - No Telp'

2022-01-04 10:10:33 - [MESSAGE][WARNING] - Timeout '0' is invalid. Using default page load timeout: '30'

2022-01-04 10:10:35 - [MESSAGE][PASSED] - Text '0219880213' has been set to element 'Object Repository/Form Survey/android.widget.EditText - No Telp'

2022-01-04 10:10:35 - [TEST_STEP][PASSED] - setText(findTestObject("Object Repository/Form Survey/android.widget.EditText - Tempat Lahir"), findTestData("Deputi_Direktur").getObjectValue("Tempat Lahir", 1), 0): Text 'Jakarta' has been set to element 'Object Repository/Form Survey/android.widget.EditText - Tempat Lahir'

2022-01-04 10:10:35 - [MESSAGE][WARNING] - Timeout '0' is invalid. Using default page load timeout: '30'

2022-01-04 10:10:37 - [MESSAGE][PASSED] - Text 'Jakarta' has been set to element 'Object Repository/Form Survey/android.widget.EditText - Tempat Lahir'

2022-01-04 10:10:37 - [TEST_STEP][PASSED] - tap(findTestObject("Object Repository/Form Survey/android.widget.EditText - Tanggal Lahir"), 0): Tapped on element 'Object Repository/Form Survey/android.widget.EditText - Tanggal Lahir'

2022-01-04 10:10:37 - [MESSAGE][WARNING] - Timeout '0' is invalid. Using default page load timeout: '30'

2022-01-04 10:10:38 - [MESSAGE][PASSED] - Tapped on element 'Object Repository/Form Survey/android.widget.EditText - Tanggal Lahir'

2022-01-04 10:10:38 - [TEST_STEP][PASSED] - tap(findTestObject("Object Repository/Form Survey/android.widget.TextView - 2005"), 0): Tapped on element 'Object Repository/Form Survey/android.widget.TextView - 2005'

2022-01-04 10:10:39 - [MESSAGE][WARNING] - Timeout '0' is invalid. Using default page load timeout: '30'

2022-01-04 10:10:40 - [MESSAGE][PASSED] - Tapped on element 'Object Repository/Form Survey/android.widget.TextView - 2005'

2022-01-04 10:10:40 - [TEST_STEP][PASSED] - scrollToText("1990"): Scrolling to text '1990' successfully

2022-01-04 10:10:45 - [MESSAGE][PASSED] - Scrolling to text '1990' successfully

2022-01-04 10:10:45 - [TEST_STEP][PASSED] - tap(findTestObject("Object Repository/Form Survey/android.widget.TextView - 1990"), 0): Tapped on element 'Object Repository/Form Survey/android.widget.TextView - 1990'

2022-01-04 10:10:45 - [MESSAGE][WARNING] - Timeout '0' is invalid. Using default page load timeout: '30'

2022-01-04 10:10:46 - [MESSAGE][PASSED] - Tapped on element 'Object Repository/Form Survey/android.widget.TextView - 1990'

2022-01-04 10:10:46 - [TEST_STEP][PASSED] - tap(findTestObject("Object Repository/Form Survey/android.view.View - 11"), 0): Tapped on element 'Object Repository/Form Survey/android.view.View - 11'

2022-01-04 10:10:47 - [MESSAGE][WARNING] - Timeout '0' is invalid. Using default page load timeout: '30'

2022-01-04 10:10:49 - [MESSAGE][PASSED] - Tapped on element 'Object Repository/Form Survey/android.view.View - 11'

2022-01-04 10:10:49 - [TEST_STEP][PASSED] - tap(findTestObject("Object Repository/Form Survey/android.widget.Button - OK"), 0): Tapped on element 'Object Repository/Form Survey/android.widget.Button - OK'

2022-01-04 10:10:49 - [MESSAGE][WARNING] - Timeout '0' is invalid. Using default page load timeout: '30'

2022-01-04 10:10:50 - [MESSAGE][PASSED] - Tapped on element 'Object Repository/Form Survey/android.widget.Button - OK'

2022-01-04 10:10:50 - [TEST_STEP][PASSED] - setText(findTestObject("Object Repository/Form Survey/android.widget.EditText - Nama Pasangan"), findTestData("Deputi_Direktur").getObjectValue("Nama Pas", 1), 0): Text 'Lani' has been set to element 'Object Repository/Form Survey/android.widget.EditText - Nama Pasangan'

2022-01-04 10:10:50 - [MESSAGE][WARNING] - Timeout '0' is invalid. Using default page load timeout: '30'

2022-01-04 10:10:52 - [MESSAGE][PASSED] - Text 'Lani' has been set to element 'Object Repository/Form Survey/android.widget.EditText - Nama Pasangan'

2022-01-04 10:10:52 - [TEST_STEP][PASSED] - setText(findTestObject("Object Repository/Form Survey/android.widget.EditText - Jumlah Tanggungan"), findTestData("Deputi_Direktur").getObjectValue("JumlahT", 1), 0): Text '2' has been set to element 'Object Repository/Form Survey/android.widget.EditText - Jumlah Tanggungan'

2022-01-04 10:10:52 - [MESSAGE][WARNING] - Timeout '0' is invalid. Using default page load timeout: '30'

2022-01-04 10:10:53 - [MESSAGE][PASSED] - Text '2' has been set to element 'Object Repository/Form Survey/android.widget.EditText - Jumlah Tanggungan'

2022-01-04 10:10:53 - [TEST_STEP][PASSED] - setText(findTestObject("Object Repository/Form Survey/android.widget.EditText - Nama Ibu Kandung"), findTestData("Deputi_Direktur").getObjectValue("Nama Ibu", 1), 0): Text 'Maya' has been set to element 'Object Repository/Form Survey/android.widget.EditText - Nama Ibu Kandung'

2022-01-04 10:10:54 - [MESSAGE][WARNING] - Timeout '0' is invalid. Using default page load timeout: '30'

2022-01-04 10:10:55 - [MESSAGE][PASSED] - Text 'Maya' has been set to element 'Object Repository/Form Survey/android.widget.EditText - Nama Ibu Kandung'

2022-01-04 10:10:55 - [TEST_STEP][PASSED] - tap(findTestObject("Object Repository/Form Survey/android.widget.TextView - Informasi Rumah Konsumen"), 0): Tapped on element 'Object Repository/Form Survey/android.widget.TextView - Informasi Rumah Konsumen'

2022-01-04 10:10:55 - [MESSAGE][WARNING] - Timeout '0' is invalid. Using default page load timeout: '30'

2022-01-04 10:10:56 - [MESSAGE][PASSED] - Tapped on element 'Object Repository/Form Survey/android.widget.TextView - Informasi Rumah Konsumen'

2022-01-04 10:10:56 - [TEST_STEP][PASSED] - delay(3, STOP_ON_FAILURE): Delayed 3 second(s)

2022-01-04 10:10:59 - [MESSAGE][PASSED] - Delayed 3 second(s)

2022-01-04 10:10:59 - [TEST_STEP][PASSED] - takeScreenshotAsCheckpoint(baseDir + sspathmobilesurvey + "Form Survey 3" + ".png", STOP_ON_FAILURE): Screenshot is taken

2022-01-04 10:11:01 - [MESSAGE][INFO] - 0 hidden object(s)

2022-01-04 10:11:02 - [MESSAGE][PASSED] - Screenshot is taken
[[ATTACHMENT|C:\Users\Nia Yusniati\Git_Asa\mobile-survey\Screenshot\keyes\keyes-mobileForm Survey 3.png]]

2022-01-04 10:11:02 - [TEST_STEP][PASSED] - scrollToText("Submit"): Scrolling to text 'Submit' successfully

2022-01-04 10:11:07 - [MESSAGE][PASSED] - Scrolling to text 'Submit' successfully

2022-01-04 10:11:07 - [TEST_STEP][PASSED] - setText(findTestObject("Object Repository/Form Survey/android.widget.EditText - Alamat Rumah"), findTestData("Deputi_Direktur").getObjectValue("Alamat Rumah", 1), 0): Text 'Kp. Cibogo Wetan' has been set to element 'Object Repository/Form Survey/android.widget.EditText - Alamat Rumah'

2022-01-04 10:11:07 - [MESSAGE][WARNING] - Timeout '0' is invalid. Using default page load timeout: '30'

2022-01-04 10:11:09 - [MESSAGE][PASSED] - Text 'Kp. Cibogo Wetan' has been set to element 'Object Repository/Form Survey/android.widget.EditText - Alamat Rumah'

2022-01-04 10:11:09 - [TEST_STEP][PASSED] - setText(findTestObject("Object Repository/Form Survey/android.widget.EditText - RT"), findTestData("Deputi_Direktur").getObjectValue("Rt", 1), 0): Text '01' has been set to element 'Object Repository/Form Survey/android.widget.EditText - RT'

2022-01-04 10:11:09 - [MESSAGE][WARNING] - Timeout '0' is invalid. Using default page load timeout: '30'

2022-01-04 10:11:10 - [MESSAGE][PASSED] - Text '01' has been set to element 'Object Repository/Form Survey/android.widget.EditText - RT'

2022-01-04 10:11:10 - [TEST_STEP][PASSED] - setText(findTestObject("Object Repository/Form Survey/android.widget.EditText - RW"), findTestData("Deputi_Direktur").getObjectValue("Rw", 1), 0): Text '04' has been set to element 'Object Repository/Form Survey/android.widget.EditText - RW'

2022-01-04 10:11:11 - [MESSAGE][WARNING] - Timeout '0' is invalid. Using default page load timeout: '30'

2022-01-04 10:11:12 - [MESSAGE][PASSED] - Text '04' has been set to element 'Object Repository/Form Survey/android.widget.EditText - RW'

2022-01-04 10:11:12 - [TEST_STEP][PASSED] - setText(findTestObject("Object Repository/Form Survey/android.widget.EditText - Kelurahan"), findTestData("Deputi_Direktur").getObjectValue("Kelurahan", 1), 0): Text 'Dermayu' has been set to element 'Object Repository/Form Survey/android.widget.EditText - Kelurahan'

2022-01-04 10:11:13 - [MESSAGE][WARNING] - Timeout '0' is invalid. Using default page load timeout: '30'

2022-01-04 10:11:14 - [MESSAGE][PASSED] - Text 'Dermayu' has been set to element 'Object Repository/Form Survey/android.widget.EditText - Kelurahan'

2022-01-04 10:11:14 - [TEST_STEP][PASSED] - setText(findTestObject("Object Repository/Form Survey/android.widget.EditText - Kecamatan"), findTestData("Deputi_Direktur").getObjectValue("Kecamatan", 1), 0): Text 'Dermayu' has been set to element 'Object Repository/Form Survey/android.widget.EditText - Kecamatan'

2022-01-04 10:11:15 - [MESSAGE][WARNING] - Timeout '0' is invalid. Using default page load timeout: '30'

2022-01-04 10:11:16 - [MESSAGE][PASSED] - Text 'Dermayu' has been set to element 'Object Repository/Form Survey/android.widget.EditText - Kecamatan'

2022-01-04 10:11:16 - [TEST_STEP][PASSED] - setText(findTestObject("Object Repository/Form Survey/android.widget.EditText - KabupatenKota"), findTestData("Deputi_Direktur").getObjectValue("Kabupaten", 1), 0): Text 'Jakarta Selatan' has been set to element 'Object Repository/Form Survey/android.widget.EditText - KabupatenKota'

2022-01-04 10:11:16 - [MESSAGE][WARNING] - Timeout '0' is invalid. Using default page load timeout: '30'

2022-01-04 10:11:18 - [MESSAGE][PASSED] - Text 'Jakarta Selatan' has been set to element 'Object Repository/Form Survey/android.widget.EditText - KabupatenKota'

2022-01-04 10:11:18 - [TEST_STEP][PASSED] - setText(findTestObject("Object Repository/Form Survey/android.widget.EditText - Kode Pos"), findTestData("Deputi_Direktur").getObjectValue("Kode Pos", 1), 0): Text '19990' has been set to element 'Object Repository/Form Survey/android.widget.EditText - Kode Pos'

2022-01-04 10:11:19 - [MESSAGE][WARNING] - Timeout '0' is invalid. Using default page load timeout: '30'

2022-01-04 10:11:20 - [MESSAGE][PASSED] - Text '19990' has been set to element 'Object Repository/Form Survey/android.widget.EditText - Kode Pos'

2022-01-04 10:11:20 - [TEST_STEP][PASSED] - tap(findTestObject("Object Repository/Form Survey/android.widget.TextView - Informasi UsahaKantor Konsumen"), 0): Tapped on element 'Object Repository/Form Survey/android.widget.TextView - Informasi UsahaKantor Konsumen'

2022-01-04 10:11:20 - [MESSAGE][WARNING] - Timeout '0' is invalid. Using default page load timeout: '30'

2022-01-04 10:11:21 - [MESSAGE][PASSED] - Tapped on element 'Object Repository/Form Survey/android.widget.TextView - Informasi UsahaKantor Konsumen'

2022-01-04 10:11:21 - [TEST_STEP][PASSED] - delay(3, STOP_ON_FAILURE): Delayed 3 second(s)

2022-01-04 10:11:24 - [MESSAGE][PASSED] - Delayed 3 second(s)

2022-01-04 10:11:24 - [TEST_STEP][PASSED] - takeScreenshotAsCheckpoint(baseDir + sspathmobilesurvey + "Form Survey 4" + ".png", STOP_ON_FAILURE): Screenshot is taken

2022-01-04 10:11:26 - [MESSAGE][INFO] - 0 hidden object(s)

2022-01-04 10:11:26 - [MESSAGE][PASSED] - Screenshot is taken
[[ATTACHMENT|C:\Users\Nia Yusniati\Git_Asa\mobile-survey\Screenshot\keyes\keyes-mobileForm Survey 4.png]]

2022-01-04 10:11:26 - [TEST_STEP][PASSED] - scrollToText("Submit"): Scrolling to text 'Submit' successfully

2022-01-04 10:11:32 - [MESSAGE][PASSED] - Scrolling to text 'Submit' successfully

2022-01-04 10:11:32 - [TEST_STEP][PASSED] - setText(findTestObject("Object Repository/Form Survey/android.widget.EditText - Nama Tempat Usaha (1)"), findTestData("Deputi_Direktur").getObjectValue("Nama Perusahaan", 1), 0): Text 'Pt. Kosim Sentosa' has been set to element 'Object Repository/Form Survey/android.widget.EditText - Nama Tempat Usaha (1)'

2022-01-04 10:11:32 - [MESSAGE][WARNING] - Timeout '0' is invalid. Using default page load timeout: '30'

2022-01-04 10:11:33 - [MESSAGE][PASSED] - Text 'Pt. Kosim Sentosa' has been set to element 'Object Repository/Form Survey/android.widget.EditText - Nama Tempat Usaha (1)'

2022-01-04 10:11:33 - [TEST_STEP][PASSED] - setText(findTestObject("Object Repository/Form Survey/android.widget.EditText - Alamat Tempat Usaha"), findTestData("Deputi_Direktur").getObjectValue("Alamat Perusahaan", 1), 0): Text 'Kp. Cibogo Wetan' has been set to element 'Object Repository/Form Survey/android.widget.EditText - Alamat Tempat Usaha'

2022-01-04 10:11:33 - [MESSAGE][WARNING] - Timeout '0' is invalid. Using default page load timeout: '30'

2022-01-04 10:11:35 - [MESSAGE][PASSED] - Text 'Kp. Cibogo Wetan' has been set to element 'Object Repository/Form Survey/android.widget.EditText - Alamat Tempat Usaha'

2022-01-04 10:11:35 - [TEST_STEP][PASSED] - setText(findTestObject("Object Repository/Form Survey/android.widget.EditText - RT (1)"), findTestData("Deputi_Direktur").getObjectValue("Rt P", 1), 0): Text '01' has been set to element 'Object Repository/Form Survey/android.widget.EditText - RT (1)'

2022-01-04 10:11:35 - [MESSAGE][WARNING] - Timeout '0' is invalid. Using default page load timeout: '30'

2022-01-04 10:11:37 - [MESSAGE][PASSED] - Text '01' has been set to element 'Object Repository/Form Survey/android.widget.EditText - RT (1)'

2022-01-04 10:11:37 - [TEST_STEP][PASSED] - setText(findTestObject("Object Repository/Form Survey/android.widget.EditText - RW (1)"), findTestData("Deputi_Direktur").getObjectValue("Rw P", 1), 0): Text '04' has been set to element 'Object Repository/Form Survey/android.widget.EditText - RW (1)'

2022-01-04 10:11:37 - [MESSAGE][WARNING] - Timeout '0' is invalid. Using default page load timeout: '30'

2022-01-04 10:11:39 - [MESSAGE][PASSED] - Text '04' has been set to element 'Object Repository/Form Survey/android.widget.EditText - RW (1)'

2022-01-04 10:11:39 - [TEST_STEP][PASSED] - setText(findTestObject("Object Repository/Form Survey/android.widget.EditText - Kelurahan (1)"), findTestData("Deputi_Direktur").getObjectValue("Kelurahan P", 1), 0): Text 'Dermayu' has been set to element 'Object Repository/Form Survey/android.widget.EditText - Kelurahan (1)'

2022-01-04 10:11:39 - [MESSAGE][WARNING] - Timeout '0' is invalid. Using default page load timeout: '30'

2022-01-04 10:11:41 - [MESSAGE][PASSED] - Text 'Dermayu' has been set to element 'Object Repository/Form Survey/android.widget.EditText - Kelurahan (1)'

2022-01-04 10:11:41 - [TEST_STEP][PASSED] - setText(findTestObject("Object Repository/Form Survey/android.widget.EditText - Kecamatan (1)"), findTestData("Deputi_Direktur").getObjectValue("Kecamatan P", 1), 0): Text 'Dermayu' has been set to element 'Object Repository/Form Survey/android.widget.EditText - Kecamatan (1)'

2022-01-04 10:11:41 - [MESSAGE][WARNING] - Timeout '0' is invalid. Using default page load timeout: '30'

2022-01-04 10:11:43 - [MESSAGE][PASSED] - Text 'Dermayu' has been set to element 'Object Repository/Form Survey/android.widget.EditText - Kecamatan (1)'

2022-01-04 10:11:43 - [TEST_STEP][PASSED] - setText(findTestObject("Object Repository/Form Survey/android.widget.EditText - KabupatenKota (1)"), findTestData("Deputi_Direktur").getObjectValue("Kabupaten P", 1), 0): Text 'Jakarta Selatan' has been set to element 'Object Repository/Form Survey/android.widget.EditText - KabupatenKota (1)'

2022-01-04 10:11:43 - [MESSAGE][WARNING] - Timeout '0' is invalid. Using default page load timeout: '30'

2022-01-04 10:11:45 - [MESSAGE][PASSED] - Text 'Jakarta Selatan' has been set to element 'Object Repository/Form Survey/android.widget.EditText - KabupatenKota (1)'

2022-01-04 10:11:45 - [TEST_STEP][PASSED] - setText(findTestObject("Object Repository/Form Survey/android.widget.EditText - Kode Pos (1)"), findTestData("Deputi_Direktur").getObjectValue("Kode Pos P", 1), 0): Text '19990' has been set to element 'Object Repository/Form Survey/android.widget.EditText - Kode Pos (1)'

2022-01-04 10:11:45 - [MESSAGE][WARNING] - Timeout '0' is invalid. Using default page load timeout: '30'

2022-01-04 10:11:46 - [MESSAGE][PASSED] - Text '19990' has been set to element 'Object Repository/Form Survey/android.widget.EditText - Kode Pos (1)'

2022-01-04 10:11:46 - [TEST_STEP][PASSED] - tap(findTestObject("Object Repository/Form Survey/android.widget.TextView - Informasi Mobil"), 0): Tapped on element 'Object Repository/Form Survey/android.widget.TextView - Informasi Mobil'

2022-01-04 10:11:46 - [MESSAGE][WARNING] - Timeout '0' is invalid. Using default page load timeout: '30'

2022-01-04 10:11:48 - [MESSAGE][PASSED] - Tapped on element 'Object Repository/Form Survey/android.widget.TextView - Informasi Mobil'

2022-01-04 10:11:48 - [TEST_STEP][PASSED] - delay(3, STOP_ON_FAILURE): Delayed 3 second(s)

2022-01-04 10:11:51 - [MESSAGE][PASSED] - Delayed 3 second(s)

2022-01-04 10:11:51 - [TEST_STEP][PASSED] - takeScreenshotAsCheckpoint(baseDir + sspathmobilesurvey + "Form Survey 5" + ".png", STOP_ON_FAILURE): Screenshot is taken

2022-01-04 10:11:53 - [MESSAGE][INFO] - 0 hidden object(s)

2022-01-04 10:11:54 - [MESSAGE][PASSED] - Screenshot is taken
[[ATTACHMENT|C:\Users\Nia Yusniati\Git_Asa\mobile-survey\Screenshot\keyes\keyes-mobileForm Survey 5.png]]

2022-01-04 10:11:54 - [TEST_STEP][PASSED] - scrollToText("Submit"): Scrolling to text 'Submit' successfully

2022-01-04 10:12:02 - [MESSAGE][PASSED] - Scrolling to text 'Submit' successfully

2022-01-04 10:12:02 - [TEST_STEP][PASSED] - setText(findTestObject("Object Repository/Form Survey/android.widget.EditText - Merk Mobil"), findTestData("Deputi_Direktur").getObjectValue("Merk M", 1), 0): Text 'Honda' has been set to element 'Object Repository/Form Survey/android.widget.EditText - Merk Mobil'

2022-01-04 10:12:02 - [MESSAGE][WARNING] - Timeout '0' is invalid. Using default page load timeout: '30'

2022-01-04 10:12:04 - [MESSAGE][PASSED] - Text 'Honda' has been set to element 'Object Repository/Form Survey/android.widget.EditText - Merk Mobil'

2022-01-04 10:12:04 - [TEST_STEP][PASSED] - setText(findTestObject("Object Repository/Form Survey/android.widget.EditText - Tipe Mobil"), findTestData("Deputi_Direktur").getObjectValue("Tipe M", 1), 0): Text 'Honda Jazz' has been set to element 'Object Repository/Form Survey/android.widget.EditText - Tipe Mobil'

2022-01-04 10:12:04 - [MESSAGE][WARNING] - Timeout '0' is invalid. Using default page load timeout: '30'

2022-01-04 10:12:05 - [MESSAGE][PASSED] - Text 'Honda Jazz' has been set to element 'Object Repository/Form Survey/android.widget.EditText - Tipe Mobil'

2022-01-04 10:12:05 - [TEST_STEP][PASSED] - setText(findTestObject("Object Repository/Form Survey/android.widget.EditText - Tahun Mobil"), findTestData("Deputi_Direktur").getObjectValue("Tahun M", 1), 0): Text '2017' has been set to element 'Object Repository/Form Survey/android.widget.EditText - Tahun Mobil'

2022-01-04 10:12:06 - [MESSAGE][WARNING] - Timeout '0' is invalid. Using default page load timeout: '30'

2022-01-04 10:12:07 - [MESSAGE][PASSED] - Text '2017' has been set to element 'Object Repository/Form Survey/android.widget.EditText - Tahun Mobil'

2022-01-04 10:12:07 - [TEST_STEP][PASSED] - setText(findTestObject("Object Repository/Form Survey/android.widget.EditText - Warna Mobil"), findTestData("Deputi_Direktur").getObjectValue("Warna M", 1), 0): Text 'Hitam Doop' has been set to element 'Object Repository/Form Survey/android.widget.EditText - Warna Mobil'

2022-01-04 10:12:08 - [MESSAGE][WARNING] - Timeout '0' is invalid. Using default page load timeout: '30'

2022-01-04 10:12:09 - [MESSAGE][PASSED] - Text 'Hitam Doop' has been set to element 'Object Repository/Form Survey/android.widget.EditText - Warna Mobil'

2022-01-04 10:12:09 - [TEST_STEP][PASSED] - setText(findTestObject("Object Repository/Form Survey/android.widget.EditText - DealerShowroom"), findTestData("Deputi_Direktur").getObjectValue("Dealer", 1), 0): Text 'Jaka Showroom' has been set to element 'Object Repository/Form Survey/android.widget.EditText - DealerShowroom'

2022-01-04 10:12:10 - [MESSAGE][WARNING] - Timeout '0' is invalid. Using default page load timeout: '30'

2022-01-04 10:12:11 - [MESSAGE][PASSED] - Text 'Jaka Showroom' has been set to element 'Object Repository/Form Survey/android.widget.EditText - DealerShowroom'

2022-01-04 10:12:11 - [TEST_STEP][PASSED] - delay(5, STOP_ON_FAILURE): Delayed 5 second(s)

2022-01-04 10:12:16 - [MESSAGE][PASSED] - Delayed 5 second(s)

2022-01-04 10:12:16 - [TEST_STEP][PASSED] - takeScreenshotAsCheckpoint(baseDir + sspathmobilesurvey + "Form Survey 6" + ".png", STOP_ON_FAILURE): Screenshot is taken

2022-01-04 10:12:18 - [MESSAGE][INFO] - 0 hidden object(s)

2022-01-04 10:12:19 - [MESSAGE][PASSED] - Screenshot is taken
[[ATTACHMENT|C:\Users\Nia Yusniati\Git_Asa\mobile-survey\Screenshot\keyes\keyes-mobileForm Survey 6.png]]

2022-01-04 10:12:19 - [TEST_STEP][PASSED] - closeApplication(): Close app successfully

2022-01-04 10:12:19 - [MESSAGE][PASSED] - Close app successfully]]></system-out>
         <system-err><![CDATA[]]></system-err>
      </testcase>
      <system-out><![CDATA[2022-01-04 10:09:19 - [TEST_SUITE][PASSED] - Login - Submit: Test Cases/Deputi_Direktur/2. Form Survey]]></system-out>
      <system-err><![CDATA[]]></system-err>
   </testsuite>
</testsuites>
