<?xml version="1.0" encoding="UTF-8"?>
<testsuites name="Login - Checking" time="149.226" tests="2" failures="0" errors="0">
   <testsuite name="Login - Checking" tests="2" failures="0" errors="0" time="149.226" skipped="0" timestamp="2022-02-21 15:38:13" hostname="Nia Yusniati - Apandi" id="Test Suites/Regio_Manager/Login - Checking">
      <properties>
[...]
</properties>
      <testcase name="Test Cases/Regio_Manager/1. Login" time="40.998" classname="Test Cases/Regio_Manager/1. Login" status="PASSED">
         <system-out><![CDATA[2022-02-21 15:38:14 - [TEST_CASE][PASSED] - Test Cases/Regio_Manager/1. Login: Test Cases/Regio_Manager/1. Login

2022-02-21 15:38:14 - [TEST_STEP][PASSED] - baseDir = System.getProperty("user.dir"): null

2022-02-21 15:38:14 - [TEST_STEP][PASSED] - startExistingApplication("com.bcaf.mobilesurvey"): Starting app with application ID: 'com.bcaf.mobilesurvey'

2022-02-21 15:38:19 - [MESSAGE][INFO] - Appium server started on port 61,783

2022-02-21 15:38:34 - [MESSAGE][PASSED] - Starting app with application ID: 'com.bcaf.mobilesurvey'

2022-02-21 15:38:34 - [TEST_STEP][PASSED] - setText(findTestObject("Object Repository/Login/android.widget.EditText - NIP"), findTestData("Regio_Manager").getObjectValue("Username", 1), 0): Text '20211011' has been set to element 'Object Repository/Login/android.widget.EditText - NIP'

2022-02-21 15:38:35 - [MESSAGE][WARNING] - Timeout '0' is invalid. Using default page load timeout: '30'

2022-02-21 15:38:37 - [MESSAGE][PASSED] - Text '20211011' has been set to element 'Object Repository/Login/android.widget.EditText - NIP'

2022-02-21 15:38:37 - [TEST_STEP][PASSED] - setText(findTestObject("Object Repository/Login/android.widget.EditText - Password"), findTestData("Regio_Manager").getObjectValue("Pass", 1), 0): Text 'mobile123+' has been set to element 'Object Repository/Login/android.widget.EditText - Password'

2022-02-21 15:38:37 - [MESSAGE][WARNING] - Timeout '0' is invalid. Using default page load timeout: '30'

2022-02-21 15:38:39 - [MESSAGE][PASSED] - Text 'mobile123+' has been set to element 'Object Repository/Login/android.widget.EditText - Password'

2022-02-21 15:38:39 - [TEST_STEP][PASSED] - tap(findTestObject("Object Repository/Login/android.widget.CheckBox - Remember Me"), 0): Tapped on element 'Object Repository/Login/android.widget.CheckBox - Remember Me'

2022-02-21 15:38:39 - [MESSAGE][WARNING] - Timeout '0' is invalid. Using default page load timeout: '30'

2022-02-21 15:38:40 - [MESSAGE][PASSED] - Tapped on element 'Object Repository/Login/android.widget.CheckBox - Remember Me'

2022-02-21 15:38:40 - [TEST_STEP][PASSED] - hideKeyboard(): Keyboard is hidden

2022-02-21 15:38:43 - [MESSAGE][PASSED] - Keyboard is hidden

2022-02-21 15:38:43 - [TEST_STEP][PASSED] - delay(3, STOP_ON_FAILURE): Delayed 3 second(s)

2022-02-21 15:38:47 - [MESSAGE][PASSED] - Delayed 3 second(s)

2022-02-21 15:38:47 - [TEST_STEP][PASSED] - takeScreenshotAsCheckpoint(baseDir + sspathmobilesurvey + "Login 3.1" + ".png", STOP_ON_FAILURE): Screenshot is taken

2022-02-21 15:38:50 - [MESSAGE][INFO] - 0 hidden object(s)

2022-02-21 15:38:51 - [MESSAGE][PASSED] - Screenshot is taken
[[ATTACHMENT|C:\Users\Nia Yusniati\Git_Asa\mobile-survey\Screenshot\keyes\keyes-mobileLogin 3.1.png]]

2022-02-21 15:38:51 - [TEST_STEP][PASSED] - tap(findTestObject("Object Repository/Login/android.widget.Button - LOGIN"), 0): Tapped on element 'Object Repository/Login/android.widget.Button - LOGIN'

2022-02-21 15:38:51 - [MESSAGE][WARNING] - Timeout '0' is invalid. Using default page load timeout: '30'

2022-02-21 15:38:52 - [MESSAGE][PASSED] - Tapped on element 'Object Repository/Login/android.widget.Button - LOGIN'

2022-02-21 15:38:52 - [TEST_STEP][PASSED] - delay(3, STOP_ON_FAILURE): Delayed 3 second(s)

2022-02-21 15:38:55 - [MESSAGE][PASSED] - Delayed 3 second(s)]]></system-out>
         <system-err><![CDATA[]]></system-err>
      </testcase>
      <testcase name="Test Cases/Regio_Manager/2. History - SurveyKendaraan" time="106.469" classname="Test Cases/Regio_Manager/2. History - SurveyKendaraan" status="PASSED">
         <system-out><![CDATA[2022-02-21 15:38:55 - [TEST_CASE][PASSED] - Test Cases/Regio_Manager/2. History - SurveyKendaraan: Test Cases/Regio_Manager/2. History - SurveyKendaraan

2022-02-21 15:38:55 - [TEST_STEP][PASSED] - baseDir = System.getProperty("user.dir"): null

2022-02-21 15:38:55 - [TEST_STEP][PASSED] - startExistingApplication("com.bcaf.mobilesurvey"): Starting app with application ID: 'com.bcaf.mobilesurvey'

2022-02-21 15:39:06 - [MESSAGE][PASSED] - Starting app with application ID: 'com.bcaf.mobilesurvey'

2022-02-21 15:39:06 - [TEST_STEP][PASSED] - delay(3, STOP_ON_FAILURE): Delayed 3 second(s)

2022-02-21 15:39:09 - [MESSAGE][PASSED] - Delayed 3 second(s)

2022-02-21 15:39:09 - [TEST_STEP][PASSED] - takeScreenshotAsCheckpoint(baseDir + sspathmobilesurvey + "Survey Kendaraan 1" + ".png", STOP_ON_FAILURE): Screenshot is taken

2022-02-21 15:39:12 - [MESSAGE][INFO] - 0 hidden object(s)

2022-02-21 15:39:12 - [MESSAGE][PASSED] - Screenshot is taken
[[ATTACHMENT|C:\Users\Nia Yusniati\Git_Asa\mobile-survey\Screenshot\keyes\keyes-mobileSurvey Kendaraan 1.png]]

2022-02-21 15:39:12 - [TEST_STEP][PASSED] - tap(findTestObject("Object Repository/History_SurveyKendaraan/android.widget.LinearLayout"), 0): Tapped on element 'Object Repository/History_SurveyKendaraan/android.widget.LinearLayout'

2022-02-21 15:39:12 - [MESSAGE][WARNING] - Timeout '0' is invalid. Using default page load timeout: '30'

2022-02-21 15:39:14 - [MESSAGE][PASSED] - Tapped on element 'Object Repository/History_SurveyKendaraan/android.widget.LinearLayout'

2022-02-21 15:39:14 - [TEST_STEP][PASSED] - delay(3, STOP_ON_FAILURE): Delayed 3 second(s)

2022-02-21 15:39:17 - [MESSAGE][PASSED] - Delayed 3 second(s)

2022-02-21 15:39:17 - [TEST_STEP][PASSED] - takeScreenshotAsCheckpoint(baseDir + sspathmobilesurvey + "Survey Kendaraan 2" + ".png", STOP_ON_FAILURE): Screenshot is taken

2022-02-21 15:39:21 - [MESSAGE][INFO] - 0 hidden object(s)

2022-02-21 15:39:21 - [MESSAGE][PASSED] - Screenshot is taken
[[ATTACHMENT|C:\Users\Nia Yusniati\Git_Asa\mobile-survey\Screenshot\keyes\keyes-mobileSurvey Kendaraan 2.png]]

2022-02-21 15:39:21 - [TEST_STEP][PASSED] - tap(findTestObject("History_SurveyKendaraan/android.widget.LinearLayout-HistoryInquiry"), 0): Tapped on element 'Object Repository/History_SurveyKendaraan/android.widget.LinearLayout-HistoryInquiry'

2022-02-21 15:39:21 - [MESSAGE][WARNING] - Timeout '0' is invalid. Using default page load timeout: '30'

2022-02-21 15:39:22 - [MESSAGE][PASSED] - Tapped on element 'Object Repository/History_SurveyKendaraan/android.widget.LinearLayout-HistoryInquiry'

2022-02-21 15:39:22 - [TEST_STEP][PASSED] - setText(findTestObject("Object Repository/History_SurveyKendaraan/android.widget.EditText - No Polisi"), findTestData("No_Polisi").getObjectValue("No_Polisi", 6), 0): Text 'B777B' has been set to element 'Object Repository/History_SurveyKendaraan/android.widget.EditText - No Polisi'

2022-02-21 15:39:22 - [MESSAGE][WARNING] - Timeout '0' is invalid. Using default page load timeout: '30'

2022-02-21 15:39:24 - [MESSAGE][PASSED] - Text 'B777B' has been set to element 'Object Repository/History_SurveyKendaraan/android.widget.EditText - No Polisi'

2022-02-21 15:39:24 - [TEST_STEP][PASSED] - takeScreenshotAsCheckpoint(baseDir + sspathmobilesurvey + "Survey Kendaraan 3" + ".png", STOP_ON_FAILURE): Screenshot is taken

2022-02-21 15:39:26 - [MESSAGE][INFO] - 0 hidden object(s)

2022-02-21 15:39:26 - [MESSAGE][PASSED] - Screenshot is taken
[[ATTACHMENT|C:\Users\Nia Yusniati\Git_Asa\mobile-survey\Screenshot\keyes\keyes-mobileSurvey Kendaraan 3.png]]

2022-02-21 15:39:26 - [TEST_STEP][PASSED] - tap(findTestObject("Object Repository/History_SurveyKendaraan/android.widget.Button - SEARCH"), 0): Tapped on element 'Object Repository/History_SurveyKendaraan/android.widget.Button - SEARCH'

2022-02-21 15:39:26 - [MESSAGE][WARNING] - Timeout '0' is invalid. Using default page load timeout: '30'

2022-02-21 15:39:27 - [MESSAGE][PASSED] - Tapped on element 'Object Repository/History_SurveyKendaraan/android.widget.Button - SEARCH'

2022-02-21 15:39:27 - [TEST_STEP][PASSED] - delay(3, STOP_ON_FAILURE): Delayed 3 second(s)

2022-02-21 15:39:30 - [MESSAGE][PASSED] - Delayed 3 second(s)

2022-02-21 15:39:30 - [TEST_STEP][PASSED] - takeScreenshotAsCheckpoint(baseDir + sspathmobilesurvey + "Survey Kendaraan 4" + ".png", STOP_ON_FAILURE): Screenshot is taken

2022-02-21 15:39:32 - [MESSAGE][INFO] - 0 hidden object(s)

2022-02-21 15:39:32 - [MESSAGE][PASSED] - Screenshot is taken
[[ATTACHMENT|C:\Users\Nia Yusniati\Git_Asa\mobile-survey\Screenshot\keyes\keyes-mobileSurvey Kendaraan 4.png]]

2022-02-21 15:39:32 - [TEST_STEP][PASSED] - scrollToText("Data Kendaraan"): Scrolling to text 'Data Kendaraan' successfully

2022-02-21 15:39:39 - [MESSAGE][PASSED] - Scrolling to text 'Data Kendaraan' successfully

2022-02-21 15:39:39 - [TEST_STEP][PASSED] - delay(3, STOP_ON_FAILURE): Delayed 3 second(s)

2022-02-21 15:39:42 - [MESSAGE][PASSED] - Delayed 3 second(s)

2022-02-21 15:39:42 - [TEST_STEP][PASSED] - takeScreenshotAsCheckpoint(baseDir + sspathmobilesurvey + "Survey Kendaraan 5" + ".png", STOP_ON_FAILURE): Screenshot is taken

2022-02-21 15:39:44 - [MESSAGE][INFO] - 0 hidden object(s)

2022-02-21 15:39:44 - [MESSAGE][PASSED] - Screenshot is taken
[[ATTACHMENT|C:\Users\Nia Yusniati\Git_Asa\mobile-survey\Screenshot\keyes\keyes-mobileSurvey Kendaraan 5.png]]

2022-02-21 15:39:44 - [TEST_STEP][PASSED] - tap(findTestObject("Object Repository/History_SurveyKendaraan/android.widget.TextView - Surat Kendaraan"), 0): Tapped on element 'Object Repository/History_SurveyKendaraan/android.widget.TextView - Surat Kendaraan'

2022-02-21 15:39:44 - [MESSAGE][WARNING] - Timeout '0' is invalid. Using default page load timeout: '30'

2022-02-21 15:39:46 - [MESSAGE][PASSED] - Tapped on element 'Object Repository/History_SurveyKendaraan/android.widget.TextView - Surat Kendaraan'

2022-02-21 15:39:46 - [TEST_STEP][PASSED] - delay(3, STOP_ON_FAILURE): Delayed 3 second(s)

2022-02-21 15:39:49 - [MESSAGE][PASSED] - Delayed 3 second(s)

2022-02-21 15:39:49 - [TEST_STEP][PASSED] - takeScreenshotAsCheckpoint(baseDir + sspathmobilesurvey + "Survey Kendaraan 6" + ".png", STOP_ON_FAILURE): Screenshot is taken

2022-02-21 15:39:51 - [MESSAGE][INFO] - 0 hidden object(s)

2022-02-21 15:39:51 - [MESSAGE][PASSED] - Screenshot is taken
[[ATTACHMENT|C:\Users\Nia Yusniati\Git_Asa\mobile-survey\Screenshot\keyes\keyes-mobileSurvey Kendaraan 6.png]]

2022-02-21 15:39:51 - [TEST_STEP][PASSED] - scrollToText("Kondisi Kendaraan"): Scrolling to text 'Kondisi Kendaraan' successfully

2022-02-21 15:39:58 - [MESSAGE][PASSED] - Scrolling to text 'Kondisi Kendaraan' successfully

2022-02-21 15:39:58 - [TEST_STEP][PASSED] - tap(findTestObject("Object Repository/History_SurveyKendaraan/android.widget.TextView - Kondisi Kendaraan"), 0): Tapped on element 'Object Repository/History_SurveyKendaraan/android.widget.TextView - Kondisi Kendaraan'

2022-02-21 15:39:58 - [MESSAGE][WARNING] - Timeout '0' is invalid. Using default page load timeout: '30'

2022-02-21 15:39:59 - [MESSAGE][PASSED] - Tapped on element 'Object Repository/History_SurveyKendaraan/android.widget.TextView - Kondisi Kendaraan'

2022-02-21 15:39:59 - [TEST_STEP][PASSED] - takeScreenshotAsCheckpoint(baseDir + sspathmobilesurvey + "Survey Kendaraan 7" + ".png", STOP_ON_FAILURE): Screenshot is taken

2022-02-21 15:40:01 - [MESSAGE][INFO] - 0 hidden object(s)

2022-02-21 15:40:01 - [MESSAGE][PASSED] - Screenshot is taken
[[ATTACHMENT|C:\Users\Nia Yusniati\Git_Asa\mobile-survey\Screenshot\keyes\keyes-mobileSurvey Kendaraan 7.png]]

2022-02-21 15:40:01 - [TEST_STEP][PASSED] - scrollToText("Foto Mobil"): Scrolling to text 'Foto Mobil' successfully

2022-02-21 15:40:14 - [MESSAGE][PASSED] - Scrolling to text 'Foto Mobil' successfully

2022-02-21 15:40:14 - [TEST_STEP][PASSED] - delay(3, STOP_ON_FAILURE): Delayed 3 second(s)

2022-02-21 15:40:17 - [MESSAGE][PASSED] - Delayed 3 second(s)

2022-02-21 15:40:17 - [TEST_STEP][PASSED] - tap(findTestObject("Object Repository/History_SurveyKendaraan/android.widget.TextView - Foto Mobil"), 0): Tapped on element 'Object Repository/History_SurveyKendaraan/android.widget.TextView - Foto Mobil'

2022-02-21 15:40:17 - [MESSAGE][WARNING] - Timeout '0' is invalid. Using default page load timeout: '30'

2022-02-21 15:40:19 - [MESSAGE][PASSED] - Tapped on element 'Object Repository/History_SurveyKendaraan/android.widget.TextView - Foto Mobil'

2022-02-21 15:40:19 - [TEST_STEP][PASSED] - scrollToText("Kiri Depan"): Scrolling to text 'Kiri Depan' successfully

2022-02-21 15:40:33 - [MESSAGE][PASSED] - Scrolling to text 'Kiri Depan' successfully

2022-02-21 15:40:34 - [TEST_STEP][PASSED] - delay(3, STOP_ON_FAILURE): Delayed 3 second(s)

2022-02-21 15:40:37 - [MESSAGE][PASSED] - Delayed 3 second(s)

2022-02-21 15:40:37 - [TEST_STEP][PASSED] - takeScreenshotAsCheckpoint(baseDir + sspathmobilesurvey + "Survey Kendaraan 8" + ".png", STOP_ON_FAILURE): Screenshot is taken

2022-02-21 15:40:40 - [MESSAGE][INFO] - 0 hidden object(s)

2022-02-21 15:40:40 - [MESSAGE][PASSED] - Screenshot is taken
[[ATTACHMENT|C:\Users\Nia Yusniati\Git_Asa\mobile-survey\Screenshot\keyes\keyes-mobileSurvey Kendaraan 8.png]]

2022-02-21 15:40:40 - [TEST_STEP][PASSED] - closeApplication(): Close app successfully

2022-02-21 15:40:41 - [MESSAGE][PASSED] - Close app successfully]]></system-out>
         <system-err><![CDATA[]]></system-err>
      </testcase>
      <system-out><![CDATA[2022-02-21 15:38:13 - [TEST_SUITE][PASSED] - Login - Checking: Test Cases/Regio_Manager/2. History - SurveyKendaraan]]></system-out>
      <system-err><![CDATA[]]></system-err>
   </testsuite>
</testsuites>
