<?xml version="1.0" encoding="UTF-8"?>
<testsuites name="1.3 Login - Submit" time="164.181" tests="2" failures="0" errors="0">
   <testsuite name="1.3 Login - Submit" tests="2" failures="0" errors="0" time="164.181" skipped="0" timestamp="2022-02-21 13:11:22" hostname="Nia Yusniati - Apandi" id="Test Suites/Branch_Manager/1.3 Login - Submit">
      <properties>
[...]
</properties>
      <testcase name="Test Cases/Branch_Manager/1. Login" time="49.434" classname="Test Cases/Branch_Manager/1. Login" status="PASSED">
         <system-out><![CDATA[2022-02-21 13:11:23 - [TEST_CASE][PASSED] - Test Cases/Branch_Manager/1. Login: Test Cases/Branch_Manager/1. Login

2022-02-21 13:11:24 - [TEST_STEP][PASSED] - baseDir = System.getProperty("user.dir"): null

2022-02-21 13:11:24 - [TEST_STEP][PASSED] - startExistingApplication("com.bcaf.mobilesurvey"): Starting app with application ID: 'com.bcaf.mobilesurvey'

2022-02-21 13:11:30 - [MESSAGE][INFO] - Appium server started on port 60,403

2022-02-21 13:11:48 - [MESSAGE][PASSED] - Starting app with application ID: 'com.bcaf.mobilesurvey'

2022-02-21 13:11:48 - [TEST_STEP][PASSED] - setText(findTestObject("Object Repository/Login/android.widget.EditText - NIP"), findTestData("Branch_Manager").getObjectValue("Username", 2), 0): Text '20211002' has been set to element 'Object Repository/Login/android.widget.EditText - NIP'

2022-02-21 13:11:50 - [MESSAGE][WARNING] - Timeout '0' is invalid. Using default page load timeout: '30'

2022-02-21 13:11:52 - [MESSAGE][PASSED] - Text '20211002' has been set to element 'Object Repository/Login/android.widget.EditText - NIP'

2022-02-21 13:11:52 - [TEST_STEP][PASSED] - setText(findTestObject("Object Repository/Login/android.widget.EditText - Password"), findTestData("Branch_Manager").getObjectValue("Pass", 2), 0): Text 'mobile123+' has been set to element 'Object Repository/Login/android.widget.EditText - Password'

2022-02-21 13:11:53 - [MESSAGE][WARNING] - Timeout '0' is invalid. Using default page load timeout: '30'

2022-02-21 13:11:54 - [MESSAGE][PASSED] - Text 'mobile123+' has been set to element 'Object Repository/Login/android.widget.EditText - Password'

2022-02-21 13:11:54 - [TEST_STEP][PASSED] - tap(findTestObject("Object Repository/Login/android.widget.CheckBox - Remember Me"), 0): Tapped on element 'Object Repository/Login/android.widget.CheckBox - Remember Me'

2022-02-21 13:11:55 - [MESSAGE][WARNING] - Timeout '0' is invalid. Using default page load timeout: '30'

2022-02-21 13:11:56 - [MESSAGE][PASSED] - Tapped on element 'Object Repository/Login/android.widget.CheckBox - Remember Me'

2022-02-21 13:11:56 - [TEST_STEP][PASSED] - hideKeyboard(): Keyboard is hidden

2022-02-21 13:11:59 - [MESSAGE][PASSED] - Keyboard is hidden

2022-02-21 13:11:59 - [TEST_STEP][PASSED] - delay(3, STOP_ON_FAILURE): Delayed 3 second(s)

2022-02-21 13:12:02 - [MESSAGE][PASSED] - Delayed 3 second(s)

2022-02-21 13:12:02 - [TEST_STEP][PASSED] - takeScreenshotAsCheckpoint(baseDir + sspathmobilesurvey + "login 1.1" + ".png", STOP_ON_FAILURE): Screenshot is taken

2022-02-21 13:12:05 - [MESSAGE][INFO] - 0 hidden object(s)

2022-02-21 13:12:06 - [MESSAGE][PASSED] - Screenshot is taken
[[ATTACHMENT|C:\Users\Nia Yusniati\Git_Asa\mobile-survey\Screenshot\keyes\keyes-mobilelogin 1.1.png]]

2022-02-21 13:12:06 - [TEST_STEP][PASSED] - tap(findTestObject("Object Repository/Login/android.widget.Button - LOGIN"), 0): Tapped on element 'Object Repository/Login/android.widget.Button - LOGIN'

2022-02-21 13:12:06 - [MESSAGE][WARNING] - Timeout '0' is invalid. Using default page load timeout: '30'

2022-02-21 13:12:07 - [MESSAGE][PASSED] - Tapped on element 'Object Repository/Login/android.widget.Button - LOGIN'

2022-02-21 13:12:07 - [TEST_STEP][PASSED] - delay(5, STOP_ON_FAILURE): Delayed 5 second(s)

2022-02-21 13:12:12 - [MESSAGE][PASSED] - Delayed 5 second(s)]]></system-out>
         <system-err><![CDATA[]]></system-err>
      </testcase>
      <testcase name="Test Cases/Branch_Manager/5. Submit" time="111.22" classname="Test Cases/Branch_Manager/5. Submit" status="PASSED">
         <system-out><![CDATA[2022-02-21 13:12:12 - [TEST_CASE][PASSED] - Test Cases/Branch_Manager/5. Submit: Test Cases/Branch_Manager/5. Submit

2022-02-21 13:12:13 - [TEST_STEP][PASSED] - baseDir = System.getProperty("user.dir"): null

2022-02-21 13:12:13 - [TEST_STEP][PASSED] - startExistingApplication("com.bcaf.mobilesurvey"): Starting app with application ID: 'com.bcaf.mobilesurvey'

2022-02-21 13:12:25 - [MESSAGE][PASSED] - Starting app with application ID: 'com.bcaf.mobilesurvey'

2022-02-21 13:12:25 - [TEST_STEP][PASSED] - delay(3, STOP_ON_FAILURE): Delayed 3 second(s)

2022-02-21 13:12:28 - [MESSAGE][PASSED] - Delayed 3 second(s)

2022-02-21 13:12:28 - [TEST_STEP][PASSED] - takeScreenshotAsCheckpoint(baseDir + sspathmobilesurvey + "Survey Kendaraan 5.1" + ".png", STOP_ON_FAILURE): Screenshot is taken

2022-02-21 13:12:30 - [MESSAGE][INFO] - 0 hidden object(s)

2022-02-21 13:12:30 - [MESSAGE][PASSED] - Screenshot is taken
[[ATTACHMENT|C:\Users\Nia Yusniati\Git_Asa\mobile-survey\Screenshot\keyes\keyes-mobileSurvey Kendaraan 5.1.png]]

2022-02-21 13:12:30 - [TEST_STEP][PASSED] - tap(findTestObject("Object Repository/Submit/android.widget.LinearLayout"), 0): Tapped on element 'Object Repository/Submit/android.widget.LinearLayout'

2022-02-21 13:12:30 - [MESSAGE][WARNING] - Timeout '0' is invalid. Using default page load timeout: '30'

2022-02-21 13:12:31 - [MESSAGE][PASSED] - Tapped on element 'Object Repository/Submit/android.widget.LinearLayout'

2022-02-21 13:12:31 - [TEST_STEP][PASSED] - delay(3, STOP_ON_FAILURE): Delayed 3 second(s)

2022-02-21 13:12:34 - [MESSAGE][PASSED] - Delayed 3 second(s)

2022-02-21 13:12:34 - [TEST_STEP][PASSED] - takeScreenshotAsCheckpoint(baseDir + sspathmobilesurvey + "Survey Kendaraan 5.2" + ".png", STOP_ON_FAILURE): Screenshot is taken

2022-02-21 13:12:36 - [MESSAGE][INFO] - 0 hidden object(s)

2022-02-21 13:12:37 - [MESSAGE][PASSED] - Screenshot is taken
[[ATTACHMENT|C:\Users\Nia Yusniati\Git_Asa\mobile-survey\Screenshot\keyes\keyes-mobileSurvey Kendaraan 5.2.png]]

2022-02-21 13:12:37 - [TEST_STEP][PASSED] - tap(findTestObject("Object Repository/Submit/android.widget.LinearLayout (1)"), 0): Tapped on element 'Object Repository/Submit/android.widget.LinearLayout (1)'

2022-02-21 13:12:37 - [MESSAGE][WARNING] - Timeout '0' is invalid. Using default page load timeout: '30'

2022-02-21 13:12:37 - [MESSAGE][PASSED] - Tapped on element 'Object Repository/Submit/android.widget.LinearLayout (1)'

2022-02-21 13:12:37 - [TEST_STEP][PASSED] - setText(findTestObject("Object Repository/Submit/android.widget.EditText - No Polisi"), findTestData("No_Polisi").getObjectValue("No_Polisi", 6), 0): Text 'B777B' has been set to element 'Object Repository/Submit/android.widget.EditText - No Polisi'

2022-02-21 13:12:37 - [MESSAGE][WARNING] - Timeout '0' is invalid. Using default page load timeout: '30'

2022-02-21 13:12:40 - [MESSAGE][PASSED] - Text 'B777B' has been set to element 'Object Repository/Submit/android.widget.EditText - No Polisi'

2022-02-21 13:12:40 - [TEST_STEP][PASSED] - tap(findTestObject("Object Repository/Submit/android.widget.Spinner"), 0): Tapped on element 'Object Repository/Submit/android.widget.Spinner'

2022-02-21 13:12:40 - [MESSAGE][WARNING] - Timeout '0' is invalid. Using default page load timeout: '30'

2022-02-21 13:12:41 - [MESSAGE][PASSED] - Tapped on element 'Object Repository/Submit/android.widget.Spinner'

2022-02-21 13:12:41 - [TEST_STEP][PASSED] - tap(findTestObject("Object Repository/Submit/android.widget.CheckedTextView - Aswata"), 0): Tapped on element 'Object Repository/Submit/android.widget.CheckedTextView - Aswata'

2022-02-21 13:12:41 - [MESSAGE][WARNING] - Timeout '0' is invalid. Using default page load timeout: '30'

2022-02-21 13:12:43 - [MESSAGE][PASSED] - Tapped on element 'Object Repository/Submit/android.widget.CheckedTextView - Aswata'

2022-02-21 13:12:43 - [TEST_STEP][PASSED] - delay(3, STOP_ON_FAILURE): Delayed 3 second(s)

2022-02-21 13:12:46 - [MESSAGE][PASSED] - Delayed 3 second(s)

2022-02-21 13:12:46 - [TEST_STEP][PASSED] - takeScreenshotAsCheckpoint(baseDir + sspathmobilesurvey + "Survey Kendaraan 5.3" + ".png", STOP_ON_FAILURE): Screenshot is taken

2022-02-21 13:12:48 - [MESSAGE][INFO] - 0 hidden object(s)

2022-02-21 13:12:48 - [MESSAGE][PASSED] - Screenshot is taken
[[ATTACHMENT|C:\Users\Nia Yusniati\Git_Asa\mobile-survey\Screenshot\keyes\keyes-mobileSurvey Kendaraan 5.3.png]]

2022-02-21 13:12:48 - [TEST_STEP][PASSED] - tap(findTestObject("Object Repository/Submit/android.widget.Button - SEARCH"), 0): Tapped on element 'Object Repository/Submit/android.widget.Button - SEARCH'

2022-02-21 13:12:48 - [MESSAGE][WARNING] - Timeout '0' is invalid. Using default page load timeout: '30'

2022-02-21 13:12:49 - [MESSAGE][PASSED] - Tapped on element 'Object Repository/Submit/android.widget.Button - SEARCH'

2022-02-21 13:12:49 - [TEST_STEP][PASSED] - delay(3, STOP_ON_FAILURE): Delayed 3 second(s)

2022-02-21 13:12:52 - [MESSAGE][PASSED] - Delayed 3 second(s)

2022-02-21 13:12:52 - [TEST_STEP][PASSED] - takeScreenshotAsCheckpoint(baseDir + sspathmobilesurvey + "Survey Kendaraan 5.4 " + ".png", STOP_ON_FAILURE): Screenshot is taken

2022-02-21 13:12:54 - [MESSAGE][INFO] - 0 hidden object(s)

2022-02-21 13:12:55 - [MESSAGE][PASSED] - Screenshot is taken
[[ATTACHMENT|C:\Users\Nia Yusniati\Git_Asa\mobile-survey\Screenshot\keyes\keyes-mobileSurvey Kendaraan 5.4 .png]]

2022-02-21 13:12:55 - [TEST_STEP][PASSED] - scrollToText("No Rangka"): Scrolling to text 'No Rangka' successfully

2022-02-21 13:12:56 - [MESSAGE][PASSED] - Scrolling to text 'No Rangka' successfully

2022-02-21 13:12:56 - [TEST_STEP][PASSED] - delay(3, STOP_ON_FAILURE): Delayed 3 second(s)

2022-02-21 13:12:59 - [MESSAGE][PASSED] - Delayed 3 second(s)

2022-02-21 13:12:59 - [TEST_STEP][PASSED] - takeScreenshotAsCheckpoint(baseDir + sspathmobilesurvey + "Survey Kendaraan 5.5" + ".png", STOP_ON_FAILURE): Screenshot is taken

2022-02-21 13:13:01 - [MESSAGE][INFO] - 0 hidden object(s)

2022-02-21 13:13:01 - [MESSAGE][PASSED] - Screenshot is taken
[[ATTACHMENT|C:\Users\Nia Yusniati\Git_Asa\mobile-survey\Screenshot\keyes\keyes-mobileSurvey Kendaraan 5.5.png]]

2022-02-21 13:13:01 - [TEST_STEP][PASSED] - tap(findTestObject("Object Repository/History_SurveyKendaraan/android.widget.TextView - Surat Kendaraan"), 0): Tapped on element 'Object Repository/History_SurveyKendaraan/android.widget.TextView - Surat Kendaraan'

2022-02-21 13:13:01 - [MESSAGE][WARNING] - Timeout '0' is invalid. Using default page load timeout: '30'

2022-02-21 13:13:06 - [MESSAGE][PASSED] - Tapped on element 'Object Repository/History_SurveyKendaraan/android.widget.TextView - Surat Kendaraan'

2022-02-21 13:13:06 - [TEST_STEP][PASSED] - delay(3, STOP_ON_FAILURE): Delayed 3 second(s)

2022-02-21 13:13:09 - [MESSAGE][PASSED] - Delayed 3 second(s)

2022-02-21 13:13:09 - [TEST_STEP][PASSED] - takeScreenshotAsCheckpoint(baseDir + sspathmobilesurvey + "Survey Kendaraan 5.6" + ".png", STOP_ON_FAILURE): Screenshot is taken

2022-02-21 13:13:11 - [MESSAGE][INFO] - 0 hidden object(s)

2022-02-21 13:13:11 - [MESSAGE][PASSED] - Screenshot is taken
[[ATTACHMENT|C:\Users\Nia Yusniati\Git_Asa\mobile-survey\Screenshot\keyes\keyes-mobileSurvey Kendaraan 5.6.png]]

2022-02-21 13:13:11 - [TEST_STEP][PASSED] - scrollToText("Kondisi Kendaraan"): Scrolling to text 'Kondisi Kendaraan' successfully

2022-02-21 13:13:12 - [MESSAGE][PASSED] - Scrolling to text 'Kondisi Kendaraan' successfully

2022-02-21 13:13:12 - [TEST_STEP][PASSED] - tap(findTestObject("Object Repository/History_SurveyKendaraan/android.widget.TextView - Kondisi Kendaraan"), 0): Tapped on element 'Object Repository/History_SurveyKendaraan/android.widget.TextView - Kondisi Kendaraan'

2022-02-21 13:13:12 - [MESSAGE][WARNING] - Timeout '0' is invalid. Using default page load timeout: '30'

2022-02-21 13:13:14 - [MESSAGE][PASSED] - Tapped on element 'Object Repository/History_SurveyKendaraan/android.widget.TextView - Kondisi Kendaraan'

2022-02-21 13:13:14 - [TEST_STEP][PASSED] - takeScreenshotAsCheckpoint(baseDir + sspathmobilesurvey + "Survey Kendaraan 5.7" + ".png", STOP_ON_FAILURE): Screenshot is taken

2022-02-21 13:13:16 - [MESSAGE][INFO] - 0 hidden object(s)

2022-02-21 13:13:16 - [MESSAGE][PASSED] - Screenshot is taken
[[ATTACHMENT|C:\Users\Nia Yusniati\Git_Asa\mobile-survey\Screenshot\keyes\keyes-mobileSurvey Kendaraan 5.7.png]]

2022-02-21 13:13:16 - [TEST_STEP][PASSED] - scrollToText("Foto Mobil"): Scrolling to text 'Foto Mobil' successfully

2022-02-21 13:13:17 - [MESSAGE][PASSED] - Scrolling to text 'Foto Mobil' successfully

2022-02-21 13:13:17 - [TEST_STEP][PASSED] - delay(3, STOP_ON_FAILURE): Delayed 3 second(s)

2022-02-21 13:13:20 - [MESSAGE][PASSED] - Delayed 3 second(s)

2022-02-21 13:13:20 - [TEST_STEP][PASSED] - takeScreenshotAsCheckpoint(baseDir + sspathmobilesurvey + "Survey Kendaraan 5.8" + ".png", STOP_ON_FAILURE): Screenshot is taken

2022-02-21 13:13:22 - [MESSAGE][INFO] - 0 hidden object(s)

2022-02-21 13:13:22 - [MESSAGE][PASSED] - Screenshot is taken
[[ATTACHMENT|C:\Users\Nia Yusniati\Git_Asa\mobile-survey\Screenshot\keyes\keyes-mobileSurvey Kendaraan 5.8.png]]

2022-02-21 13:13:22 - [TEST_STEP][PASSED] - tap(findTestObject("Object Repository/History_SurveyKendaraan/android.widget.TextView - Foto Mobil"), 0): Tapped on element 'Object Repository/History_SurveyKendaraan/android.widget.TextView - Foto Mobil'

2022-02-21 13:13:22 - [MESSAGE][WARNING] - Timeout '0' is invalid. Using default page load timeout: '30'

2022-02-21 13:13:24 - [MESSAGE][PASSED] - Tapped on element 'Object Repository/History_SurveyKendaraan/android.widget.TextView - Foto Mobil'

2022-02-21 13:13:24 - [TEST_STEP][PASSED] - scrollToText("Kiri Depan"): Scrolling to text 'Kiri Depan' successfully

2022-02-21 13:13:26 - [MESSAGE][PASSED] - Scrolling to text 'Kiri Depan' successfully

2022-02-21 13:13:26 - [TEST_STEP][PASSED] - delay(3, STOP_ON_FAILURE): Delayed 3 second(s)

2022-02-21 13:13:29 - [MESSAGE][PASSED] - Delayed 3 second(s)

2022-02-21 13:13:29 - [TEST_STEP][PASSED] - takeScreenshotAsCheckpoint(baseDir + sspathmobilesurvey + "Survey Kendaraan 5.9" + ".png", STOP_ON_FAILURE): Screenshot is taken

2022-02-21 13:13:32 - [MESSAGE][INFO] - 0 hidden object(s)

2022-02-21 13:13:32 - [MESSAGE][PASSED] - Screenshot is taken
[[ATTACHMENT|C:\Users\Nia Yusniati\Git_Asa\mobile-survey\Screenshot\keyes\keyes-mobileSurvey Kendaraan 5.9.png]]

2022-02-21 13:13:32 - [TEST_STEP][PASSED] - scrollToText("SUBMIT"): Scrolling to text 'SUBMIT' successfully

2022-02-21 13:13:48 - [MESSAGE][PASSED] - Scrolling to text 'SUBMIT' successfully

2022-02-21 13:13:48 - [TEST_STEP][PASSED] - tap(findTestObject("Status/android.widget.RadioButton - Approved (1)"), 0): Tapped on element 'Object Repository/Status/android.widget.RadioButton - Approved (1)'

2022-02-21 13:13:49 - [MESSAGE][WARNING] - Timeout '0' is invalid. Using default page load timeout: '30'

2022-02-21 13:13:49 - [MESSAGE][PASSED] - Tapped on element 'Object Repository/Status/android.widget.RadioButton - Approved (1)'

2022-02-21 13:13:49 - [TEST_STEP][PASSED] - setText(findTestObject("Status/android.widget.EditText - Komentar (Set Text)"), findTestData("Status_Submit").getObjectValue("Status", 2), 0): Text 'Status : Aprove' has been set to element 'Object Repository/Status/android.widget.EditText - Komentar (Set Text)'

2022-02-21 13:13:50 - [MESSAGE][WARNING] - Timeout '0' is invalid. Using default page load timeout: '30'

2022-02-21 13:13:52 - [MESSAGE][PASSED] - Text 'Status : Aprove' has been set to element 'Object Repository/Status/android.widget.EditText - Komentar (Set Text)'

2022-02-21 13:13:52 - [TEST_STEP][PASSED] - delay(3, STOP_ON_FAILURE): Delayed 3 second(s)

2022-02-21 13:13:55 - [MESSAGE][PASSED] - Delayed 3 second(s)

2022-02-21 13:13:55 - [TEST_STEP][PASSED] - takeScreenshotAsCheckpoint(baseDir + sspathmobilesurvey + "Survey Kendaraan 5.10" + ".png", STOP_ON_FAILURE): Screenshot is taken

2022-02-21 13:13:58 - [MESSAGE][INFO] - 0 hidden object(s)

2022-02-21 13:13:58 - [MESSAGE][PASSED] - Screenshot is taken
[[ATTACHMENT|C:\Users\Nia Yusniati\Git_Asa\mobile-survey\Screenshot\keyes\keyes-mobileSurvey Kendaraan 5.10.png]]

2022-02-21 13:13:58 - [TEST_STEP][PASSED] - checkElement(findTestObject("Status/android.widget.Button - SUBMIT"), 0): Element 'Object Repository/Status/android.widget.Button - SUBMIT' is checked

2022-02-21 13:13:58 - [MESSAGE][WARNING] - Timeout '0' is invalid. Using default page load timeout: '30'

2022-02-21 13:13:59 - [MESSAGE][PASSED] - Element 'Object Repository/Status/android.widget.Button - SUBMIT' is checked

2022-02-21 13:13:59 - [TEST_STEP][PASSED] - delay(2, STOP_ON_FAILURE): Delayed 2 second(s)

2022-02-21 13:14:01 - [MESSAGE][PASSED] - Delayed 2 second(s)

2022-02-21 13:14:01 - [TEST_STEP][PASSED] - takeScreenshotAsCheckpoint(baseDir + sspathmobilesurvey + "Survey Kendaraan 5.11" + ".png", STOP_ON_FAILURE): Screenshot is taken

2022-02-21 13:14:03 - [MESSAGE][INFO] - 0 hidden object(s)

2022-02-21 13:14:03 - [MESSAGE][PASSED] - Screenshot is taken
[[ATTACHMENT|C:\Users\Nia Yusniati\Git_Asa\mobile-survey\Screenshot\keyes\keyes-mobileSurvey Kendaraan 5.11.png]]]]></system-out>
         <system-err><![CDATA[]]></system-err>
      </testcase>
      <system-out><![CDATA[2022-02-21 13:11:22 - [TEST_SUITE][PASSED] - 1.3 Login - Submit: Test Cases/Branch_Manager/5. Submit]]></system-out>
      <system-err><![CDATA[]]></system-err>
   </testsuite>
</testsuites>
