<?xml version="1.0" encoding="UTF-8"?>
<testsuites name="1.3 Login - Submit" time="197.425" tests="2" failures="0" errors="0">
   <testsuite name="1.3 Login - Submit" tests="2" failures="0" errors="0" time="197.425" skipped="0" timestamp="2022-02-21 15:46:20" hostname="Nia Yusniati - Apandi" id="Test Suites/Branch_Manager/1.3 Login - Submit">
      <properties>
[...]
</properties>
      <testcase name="Test Cases/Branch_Manager/1. Login" time="43.085" classname="Test Cases/Branch_Manager/1. Login" status="PASSED">
         <system-out><![CDATA[2022-02-21 15:46:20 - [TEST_CASE][PASSED] - Test Cases/Branch_Manager/1. Login: Test Cases/Branch_Manager/1. Login

2022-02-21 15:46:21 - [TEST_STEP][PASSED] - baseDir = System.getProperty("user.dir"): null

2022-02-21 15:46:21 - [TEST_STEP][PASSED] - startExistingApplication("com.bcaf.mobilesurvey"): Starting app with application ID: 'com.bcaf.mobilesurvey'

2022-02-21 15:46:27 - [MESSAGE][INFO] - Appium server started on port 62,117

2022-02-21 15:46:42 - [MESSAGE][PASSED] - Starting app with application ID: 'com.bcaf.mobilesurvey'

2022-02-21 15:46:42 - [TEST_STEP][PASSED] - setText(findTestObject("Object Repository/Login/android.widget.EditText - NIP"), findTestData("Branch_Manager").getObjectValue("Username", 2), 0): Text '20211002' has been set to element 'Object Repository/Login/android.widget.EditText - NIP'

2022-02-21 15:46:43 - [MESSAGE][WARNING] - Timeout '0' is invalid. Using default page load timeout: '30'

2022-02-21 15:46:44 - [MESSAGE][PASSED] - Text '20211002' has been set to element 'Object Repository/Login/android.widget.EditText - NIP'

2022-02-21 15:46:44 - [TEST_STEP][PASSED] - setText(findTestObject("Object Repository/Login/android.widget.EditText - Password"), findTestData("Branch_Manager").getObjectValue("Pass", 2), 0): Text 'mobile123+' has been set to element 'Object Repository/Login/android.widget.EditText - Password'

2022-02-21 15:46:45 - [MESSAGE][WARNING] - Timeout '0' is invalid. Using default page load timeout: '30'

2022-02-21 15:46:47 - [MESSAGE][PASSED] - Text 'mobile123+' has been set to element 'Object Repository/Login/android.widget.EditText - Password'

2022-02-21 15:46:47 - [TEST_STEP][PASSED] - tap(findTestObject("Object Repository/Login/android.widget.CheckBox - Remember Me"), 0): Tapped on element 'Object Repository/Login/android.widget.CheckBox - Remember Me'

2022-02-21 15:46:47 - [MESSAGE][WARNING] - Timeout '0' is invalid. Using default page load timeout: '30'

2022-02-21 15:46:48 - [MESSAGE][PASSED] - Tapped on element 'Object Repository/Login/android.widget.CheckBox - Remember Me'

2022-02-21 15:46:48 - [TEST_STEP][PASSED] - hideKeyboard(): Keyboard is hidden

2022-02-21 15:46:52 - [MESSAGE][PASSED] - Keyboard is hidden

2022-02-21 15:46:52 - [TEST_STEP][PASSED] - delay(3, STOP_ON_FAILURE): Delayed 3 second(s)

2022-02-21 15:46:55 - [MESSAGE][PASSED] - Delayed 3 second(s)

2022-02-21 15:46:55 - [TEST_STEP][PASSED] - takeScreenshotAsCheckpoint(baseDir + sspathmobilesurvey + "login 1.1" + ".png", STOP_ON_FAILURE): Screenshot is taken

2022-02-21 15:46:57 - [MESSAGE][INFO] - 0 hidden object(s)

2022-02-21 15:46:57 - [MESSAGE][PASSED] - Screenshot is taken
[[ATTACHMENT|C:\Users\Nia Yusniati\Git_Asa\mobile-survey\Screenshot\keyes\keyes-mobilelogin 1.1.png]]

2022-02-21 15:46:57 - [TEST_STEP][PASSED] - tap(findTestObject("Object Repository/Login/android.widget.Button - LOGIN"), 0): Tapped on element 'Object Repository/Login/android.widget.Button - LOGIN'

2022-02-21 15:46:57 - [MESSAGE][WARNING] - Timeout '0' is invalid. Using default page load timeout: '30'

2022-02-21 15:46:58 - [MESSAGE][PASSED] - Tapped on element 'Object Repository/Login/android.widget.Button - LOGIN'

2022-02-21 15:46:58 - [TEST_STEP][PASSED] - delay(5, STOP_ON_FAILURE): Delayed 5 second(s)

2022-02-21 15:47:03 - [MESSAGE][PASSED] - Delayed 5 second(s)]]></system-out>
         <system-err><![CDATA[]]></system-err>
      </testcase>
      <testcase name="Test Cases/Branch_Manager/5. Submit" time="151.503" classname="Test Cases/Branch_Manager/5. Submit" status="PASSED">
         <system-out><![CDATA[2022-02-21 15:47:03 - [TEST_CASE][PASSED] - Test Cases/Branch_Manager/5. Submit: Test Cases/Branch_Manager/5. Submit

2022-02-21 15:47:04 - [TEST_STEP][PASSED] - baseDir = System.getProperty("user.dir"): null

2022-02-21 15:47:04 - [TEST_STEP][PASSED] - startExistingApplication("com.bcaf.mobilesurvey"): Starting app with application ID: 'com.bcaf.mobilesurvey'

2022-02-21 15:47:16 - [MESSAGE][PASSED] - Starting app with application ID: 'com.bcaf.mobilesurvey'

2022-02-21 15:47:16 - [TEST_STEP][PASSED] - delay(3, STOP_ON_FAILURE): Delayed 3 second(s)

2022-02-21 15:47:19 - [MESSAGE][PASSED] - Delayed 3 second(s)

2022-02-21 15:47:19 - [TEST_STEP][PASSED] - takeScreenshotAsCheckpoint(baseDir + sspathmobilesurvey + "Survey Kendaraan 5.1" + ".png", STOP_ON_FAILURE): Screenshot is taken

2022-02-21 15:47:21 - [MESSAGE][INFO] - 0 hidden object(s)

2022-02-21 15:47:21 - [MESSAGE][PASSED] - Screenshot is taken
[[ATTACHMENT|C:\Users\Nia Yusniati\Git_Asa\mobile-survey\Screenshot\keyes\keyes-mobileSurvey Kendaraan 5.1.png]]

2022-02-21 15:47:21 - [TEST_STEP][PASSED] - tap(findTestObject("Object Repository/Submit/android.widget.LinearLayout"), 0): Tapped on element 'Object Repository/Submit/android.widget.LinearLayout'

2022-02-21 15:47:21 - [MESSAGE][WARNING] - Timeout '0' is invalid. Using default page load timeout: '30'

2022-02-21 15:47:22 - [MESSAGE][PASSED] - Tapped on element 'Object Repository/Submit/android.widget.LinearLayout'

2022-02-21 15:47:22 - [TEST_STEP][PASSED] - delay(3, STOP_ON_FAILURE): Delayed 3 second(s)

2022-02-21 15:47:25 - [MESSAGE][PASSED] - Delayed 3 second(s)

2022-02-21 15:47:25 - [TEST_STEP][PASSED] - takeScreenshotAsCheckpoint(baseDir + sspathmobilesurvey + "Survey Kendaraan 5.2" + ".png", STOP_ON_FAILURE): Screenshot is taken

2022-02-21 15:47:27 - [MESSAGE][INFO] - 0 hidden object(s)

2022-02-21 15:47:27 - [MESSAGE][PASSED] - Screenshot is taken
[[ATTACHMENT|C:\Users\Nia Yusniati\Git_Asa\mobile-survey\Screenshot\keyes\keyes-mobileSurvey Kendaraan 5.2.png]]

2022-02-21 15:47:27 - [TEST_STEP][PASSED] - tap(findTestObject("Object Repository/Submit/android.widget.LinearLayout (1)"), 0): Tapped on element 'Object Repository/Submit/android.widget.LinearLayout (1)'

2022-02-21 15:47:27 - [MESSAGE][WARNING] - Timeout '0' is invalid. Using default page load timeout: '30'

2022-02-21 15:47:28 - [MESSAGE][PASSED] - Tapped on element 'Object Repository/Submit/android.widget.LinearLayout (1)'

2022-02-21 15:47:28 - [TEST_STEP][PASSED] - setText(findTestObject("Object Repository/Submit/android.widget.EditText - No Polisi"), findTestData("No_Polisi").getObjectValue("No_Polisi", 6), 0): Text 'B777B' has been set to element 'Object Repository/Submit/android.widget.EditText - No Polisi'

2022-02-21 15:47:28 - [MESSAGE][WARNING] - Timeout '0' is invalid. Using default page load timeout: '30'

2022-02-21 15:47:31 - [MESSAGE][PASSED] - Text 'B777B' has been set to element 'Object Repository/Submit/android.widget.EditText - No Polisi'

2022-02-21 15:47:31 - [TEST_STEP][PASSED] - tap(findTestObject("Object Repository/Submit/android.widget.Spinner"), 0): Tapped on element 'Object Repository/Submit/android.widget.Spinner'

2022-02-21 15:47:31 - [MESSAGE][WARNING] - Timeout '0' is invalid. Using default page load timeout: '30'

2022-02-21 15:47:32 - [MESSAGE][PASSED] - Tapped on element 'Object Repository/Submit/android.widget.Spinner'

2022-02-21 15:47:32 - [TEST_STEP][PASSED] - tap(findTestObject("Object Repository/Submit/android.widget.CheckedTextView - Aswata"), 0): Tapped on element 'Object Repository/Submit/android.widget.CheckedTextView - Aswata'

2022-02-21 15:47:32 - [MESSAGE][WARNING] - Timeout '0' is invalid. Using default page load timeout: '30'

2022-02-21 15:47:34 - [MESSAGE][PASSED] - Tapped on element 'Object Repository/Submit/android.widget.CheckedTextView - Aswata'

2022-02-21 15:47:34 - [TEST_STEP][PASSED] - delay(3, STOP_ON_FAILURE): Delayed 3 second(s)

2022-02-21 15:47:37 - [MESSAGE][PASSED] - Delayed 3 second(s)

2022-02-21 15:47:37 - [TEST_STEP][PASSED] - takeScreenshotAsCheckpoint(baseDir + sspathmobilesurvey + "Survey Kendaraan 5.3" + ".png", STOP_ON_FAILURE): Screenshot is taken

2022-02-21 15:47:39 - [MESSAGE][INFO] - 0 hidden object(s)

2022-02-21 15:47:39 - [MESSAGE][PASSED] - Screenshot is taken
[[ATTACHMENT|C:\Users\Nia Yusniati\Git_Asa\mobile-survey\Screenshot\keyes\keyes-mobileSurvey Kendaraan 5.3.png]]

2022-02-21 15:47:39 - [TEST_STEP][PASSED] - tap(findTestObject("Object Repository/Submit/android.widget.Button - SEARCH"), 0): Tapped on element 'Object Repository/Submit/android.widget.Button - SEARCH'

2022-02-21 15:47:39 - [MESSAGE][WARNING] - Timeout '0' is invalid. Using default page load timeout: '30'

2022-02-21 15:47:40 - [MESSAGE][PASSED] - Tapped on element 'Object Repository/Submit/android.widget.Button - SEARCH'

2022-02-21 15:47:40 - [TEST_STEP][PASSED] - delay(3, STOP_ON_FAILURE): Delayed 3 second(s)

2022-02-21 15:47:43 - [MESSAGE][PASSED] - Delayed 3 second(s)

2022-02-21 15:47:43 - [TEST_STEP][PASSED] - takeScreenshotAsCheckpoint(baseDir + sspathmobilesurvey + "Survey Kendaraan 4.4 " + ".png", STOP_ON_FAILURE): Screenshot is taken

2022-02-21 15:47:45 - [MESSAGE][INFO] - 0 hidden object(s)

2022-02-21 15:47:45 - [MESSAGE][PASSED] - Screenshot is taken
[[ATTACHMENT|C:\Users\Nia Yusniati\Git_Asa\mobile-survey\Screenshot\keyes\keyes-mobileSurvey Kendaraan 4.4 .png]]

2022-02-21 15:47:45 - [TEST_STEP][PASSED] - scrollToText("Surat Kendaraan"): Scrolling to text 'Surat Kendaraan' successfully

2022-02-21 15:47:51 - [MESSAGE][PASSED] - Scrolling to text 'Surat Kendaraan' successfully

2022-02-21 15:47:51 - [TEST_STEP][PASSED] - delay(3, STOP_ON_FAILURE): Delayed 3 second(s)

2022-02-21 15:47:54 - [MESSAGE][PASSED] - Delayed 3 second(s)

2022-02-21 15:47:54 - [TEST_STEP][PASSED] - takeScreenshotAsCheckpoint(baseDir + sspathmobilesurvey + "Survey Kendaraan 4.5" + ".png", STOP_ON_FAILURE): Screenshot is taken

2022-02-21 15:47:56 - [MESSAGE][INFO] - 0 hidden object(s)

2022-02-21 15:47:56 - [MESSAGE][PASSED] - Screenshot is taken
[[ATTACHMENT|C:\Users\Nia Yusniati\Git_Asa\mobile-survey\Screenshot\keyes\keyes-mobileSurvey Kendaraan 4.5.png]]

2022-02-21 15:47:56 - [TEST_STEP][PASSED] - tap(findTestObject("Object Repository/History_SurveyKendaraan/android.widget.TextView - Surat Kendaraan"), 0): Tapped on element 'Object Repository/History_SurveyKendaraan/android.widget.TextView - Surat Kendaraan'

2022-02-21 15:47:57 - [MESSAGE][WARNING] - Timeout '0' is invalid. Using default page load timeout: '30'

2022-02-21 15:47:58 - [MESSAGE][PASSED] - Tapped on element 'Object Repository/History_SurveyKendaraan/android.widget.TextView - Surat Kendaraan'

2022-02-21 15:47:58 - [TEST_STEP][PASSED] - delay(3, STOP_ON_FAILURE): Delayed 3 second(s)

2022-02-21 15:48:01 - [MESSAGE][PASSED] - Delayed 3 second(s)

2022-02-21 15:48:01 - [TEST_STEP][PASSED] - takeScreenshotAsCheckpoint(baseDir + sspathmobilesurvey + "Survey Kendaraan 4.6" + ".png", STOP_ON_FAILURE): Screenshot is taken

2022-02-21 15:48:03 - [MESSAGE][INFO] - 0 hidden object(s)

2022-02-21 15:48:03 - [MESSAGE][PASSED] - Screenshot is taken
[[ATTACHMENT|C:\Users\Nia Yusniati\Git_Asa\mobile-survey\Screenshot\keyes\keyes-mobileSurvey Kendaraan 4.6.png]]

2022-02-21 15:48:03 - [TEST_STEP][PASSED] - tap(findTestObject("Object Repository/History_SurveyKendaraan/android.widget.TextView - Kondisi Kendaraan"), 0): Tapped on element 'Object Repository/History_SurveyKendaraan/android.widget.TextView - Kondisi Kendaraan'

2022-02-21 15:48:03 - [MESSAGE][WARNING] - Timeout '0' is invalid. Using default page load timeout: '30'

2022-02-21 15:48:06 - [MESSAGE][PASSED] - Tapped on element 'Object Repository/History_SurveyKendaraan/android.widget.TextView - Kondisi Kendaraan'

2022-02-21 15:48:06 - [TEST_STEP][PASSED] - takeScreenshotAsCheckpoint(baseDir + sspathmobilesurvey + "Survey Kendaraan 4.7" + ".png", STOP_ON_FAILURE): Screenshot is taken

2022-02-21 15:48:08 - [MESSAGE][INFO] - 0 hidden object(s)

2022-02-21 15:48:08 - [MESSAGE][PASSED] - Screenshot is taken
[[ATTACHMENT|C:\Users\Nia Yusniati\Git_Asa\mobile-survey\Screenshot\keyes\keyes-mobileSurvey Kendaraan 4.7.png]]

2022-02-21 15:48:08 - [TEST_STEP][PASSED] - scrollToText("Wiper"): Scrolling to text 'Wiper' successfully

2022-02-21 15:48:18 - [MESSAGE][PASSED] - Scrolling to text 'Wiper' successfully

2022-02-21 15:48:18 - [TEST_STEP][PASSED] - tap(findTestObject("Object Repository/History_SurveyKendaraan/android.widget.TextView - Foto Mobil"), 0): Tapped on element 'Object Repository/History_SurveyKendaraan/android.widget.TextView - Foto Mobil'

2022-02-21 15:48:18 - [MESSAGE][WARNING] - Timeout '0' is invalid. Using default page load timeout: '30'

2022-02-21 15:48:25 - [MESSAGE][PASSED] - Tapped on element 'Object Repository/History_SurveyKendaraan/android.widget.TextView - Foto Mobil'

2022-02-21 15:48:25 - [TEST_STEP][PASSED] - delay(5, STOP_ON_FAILURE): Delayed 5 second(s)

2022-02-21 15:48:30 - [MESSAGE][PASSED] - Delayed 5 second(s)

2022-02-21 15:48:30 - [TEST_STEP][PASSED] - takeScreenshotAsCheckpoint(baseDir + sspathmobilesurvey + "Survey Kendaraan 4.8" + ".png", STOP_ON_FAILURE): Screenshot is taken

2022-02-21 15:48:32 - [MESSAGE][INFO] - 0 hidden object(s)

2022-02-21 15:48:32 - [MESSAGE][PASSED] - Screenshot is taken
[[ATTACHMENT|C:\Users\Nia Yusniati\Git_Asa\mobile-survey\Screenshot\keyes\keyes-mobileSurvey Kendaraan 4.8.png]]

2022-02-21 15:48:32 - [TEST_STEP][PASSED] - scrollToText("Kiri Depan"): Scrolling to text 'Kiri Depan' successfully

2022-02-21 15:48:48 - [MESSAGE][PASSED] - Scrolling to text 'Kiri Depan' successfully

2022-02-21 15:48:48 - [TEST_STEP][PASSED] - delay(5, STOP_ON_FAILURE): Delayed 5 second(s)

2022-02-21 15:48:53 - [MESSAGE][PASSED] - Delayed 5 second(s)

2022-02-21 15:48:53 - [TEST_STEP][PASSED] - takeScreenshotAsCheckpoint(baseDir + sspathmobilesurvey + "Survey Kendaraan 4.9" + ".png", STOP_ON_FAILURE): Screenshot is taken

2022-02-21 15:48:56 - [MESSAGE][INFO] - 0 hidden object(s)

2022-02-21 15:48:56 - [MESSAGE][PASSED] - Screenshot is taken
[[ATTACHMENT|C:\Users\Nia Yusniati\Git_Asa\mobile-survey\Screenshot\keyes\keyes-mobileSurvey Kendaraan 4.9.png]]

2022-02-21 15:48:56 - [TEST_STEP][PASSED] - scrollToText("SUBMIT"): Scrolling to text 'SUBMIT' successfully

2022-02-21 15:49:15 - [MESSAGE][PASSED] - Scrolling to text 'SUBMIT' successfully

2022-02-21 15:49:15 - [TEST_STEP][PASSED] - delay(5, STOP_ON_FAILURE): Delayed 5 second(s)

2022-02-21 15:49:20 - [MESSAGE][PASSED] - Delayed 5 second(s)

2022-02-21 15:49:20 - [TEST_STEP][PASSED] - tap(findTestObject("Status/android.widget.RadioButton - Not Approved"), 0): Tapped on element 'Object Repository/Status/android.widget.RadioButton - Not Approved'

2022-02-21 15:49:20 - [MESSAGE][WARNING] - Timeout '0' is invalid. Using default page load timeout: '30'

2022-02-21 15:49:21 - [MESSAGE][PASSED] - Tapped on element 'Object Repository/Status/android.widget.RadioButton - Not Approved'

2022-02-21 15:49:21 - [TEST_STEP][PASSED] - setText(findTestObject("Status/android.widget.EditText - Komentar (Set Text)"), findTestData("Status_Submit").getObjectValue("Status", 3), 0): Text 'Status Survey 4  : Reject' has been set to element 'Object Repository/Status/android.widget.EditText - Komentar (Set Text)'

2022-02-21 15:49:21 - [MESSAGE][WARNING] - Timeout '0' is invalid. Using default page load timeout: '30'

2022-02-21 15:49:23 - [MESSAGE][PASSED] - Text 'Status Survey 4  : Reject' has been set to element 'Object Repository/Status/android.widget.EditText - Komentar (Set Text)'

2022-02-21 15:49:23 - [TEST_STEP][PASSED] - delay(3, STOP_ON_FAILURE): Delayed 3 second(s)

2022-02-21 15:49:26 - [MESSAGE][PASSED] - Delayed 3 second(s)

2022-02-21 15:49:26 - [TEST_STEP][PASSED] - takeScreenshotAsCheckpoint(baseDir + sspathmobilesurvey + "Survey Kendaraan 5.10" + ".png", STOP_ON_FAILURE): Screenshot is taken

2022-02-21 15:49:29 - [MESSAGE][INFO] - 0 hidden object(s)

2022-02-21 15:49:29 - [MESSAGE][PASSED] - Screenshot is taken
[[ATTACHMENT|C:\Users\Nia Yusniati\Git_Asa\mobile-survey\Screenshot\keyes\keyes-mobileSurvey Kendaraan 5.10.png]]

2022-02-21 15:49:29 - [TEST_STEP][PASSED] - checkElement(findTestObject("Status/android.widget.Button - SUBMIT"), 0): Element 'Object Repository/Status/android.widget.Button - SUBMIT' is checked

2022-02-21 15:49:29 - [MESSAGE][WARNING] - Timeout '0' is invalid. Using default page load timeout: '30'

2022-02-21 15:49:30 - [MESSAGE][PASSED] - Element 'Object Repository/Status/android.widget.Button - SUBMIT' is checked

2022-02-21 15:49:30 - [TEST_STEP][PASSED] - delay(2, STOP_ON_FAILURE): Delayed 2 second(s)

2022-02-21 15:49:32 - [MESSAGE][PASSED] - Delayed 2 second(s)

2022-02-21 15:49:32 - [TEST_STEP][PASSED] - takeScreenshotAsCheckpoint(baseDir + sspathmobilesurvey + "Survey Kendaraan 5.11" + ".png", STOP_ON_FAILURE): Screenshot is taken

2022-02-21 15:49:35 - [MESSAGE][INFO] - 0 hidden object(s)

2022-02-21 15:49:35 - [MESSAGE][PASSED] - Screenshot is taken
[[ATTACHMENT|C:\Users\Nia Yusniati\Git_Asa\mobile-survey\Screenshot\keyes\keyes-mobileSurvey Kendaraan 5.11.png]]]]></system-out>
         <system-err><![CDATA[]]></system-err>
      </testcase>
      <system-out><![CDATA[2022-02-21 15:46:20 - [TEST_SUITE][PASSED] - 1.3 Login - Submit: Test Cases/Branch_Manager/5. Submit]]></system-out>
      <system-err><![CDATA[]]></system-err>
   </testsuite>
</testsuites>
